{"/Users/tj/Projects/projects/omnihealth-dashboard/eslint.config.js": {"path":"/Users/tj/Projects/projects/omnihealth-dashboard/eslint.config.js","all":true,"statementMap":{"0":{"start":{"line":1,"column":0},"end":{"line":1,"column":27}},"1":{"start":{"line":2,"column":0},"end":{"line":2,"column":29}},"2":{"start":{"line":3,"column":0},"end":{"line":3,"column":50}},"3":{"start":{"line":4,"column":0},"end":{"line":4,"column":54}},"4":{"start":{"line":5,"column":0},"end":{"line":5,"column":40}},"6":{"start":{"line":7,"column":0},"end":{"line":7,"column":31}},"7":{"start":{"line":8,"column":0},"end":{"line":8,"column":24}},"8":{"start":{"line":9,"column":0},"end":{"line":9,"column":3}},"9":{"start":{"line":10,"column":0},"end":{"line":10,"column":71}},"10":{"start":{"line":11,"column":0},"end":{"line":11,"column":29}},"11":{"start":{"line":12,"column":0},"end":{"line":12,"column":22}},"12":{"start":{"line":13,"column":0},"end":{"line":13,"column":24}},"13":{"start":{"line":14,"column":0},"end":{"line":14,"column":31}},"14":{"start":{"line":15,"column":0},"end":{"line":15,"column":6}},"15":{"start":{"line":16,"column":0},"end":{"line":16,"column":14}},"16":{"start":{"line":17,"column":0},"end":{"line":17,"column":32}},"17":{"start":{"line":18,"column":0},"end":{"line":18,"column":36}},"18":{"start":{"line":19,"column":0},"end":{"line":19,"column":6}},"19":{"start":{"line":20,"column":0},"end":{"line":20,"column":12}},"20":{"start":{"line":21,"column":0},"end":{"line":21,"column":46}},"21":{"start":{"line":22,"column":0},"end":{"line":22,"column":47}},"22":{"start":{"line":23,"column":0},"end":{"line":23,"column":15}},"23":{"start":{"line":24,"column":0},"end":{"line":24,"column":38}},"24":{"start":{"line":25,"column":0},"end":{"line":25,"column":8}},"25":{"start":{"line":26,"column":0},"end":{"line":26,"column":6}},"26":{"start":{"line":27,"column":0},"end":{"line":27,"column":4}},"27":{"start":{"line":28,"column":0},"end":{"line":28,"column":1}}},"s":{"0":0,"1":0,"2":0,"3":0,"4":0,"6":0,"7":0,"8":0,"9":0,"10":0,"11":0,"12":0,"13":0,"14":0,"15":0,"16":0,"17":0,"18":0,"19":0,"20":0,"21":0,"22":0,"23":0,"24":0,"25":0,"26":0,"27":0},"branchMap":{"0":{"type":"branch","line":1,"loc":{"start":{"line":1,"column":733},"end":{"line":28,"column":1}},"locations":[{"start":{"line":1,"column":733},"end":{"line":28,"column":1}}]}},"b":{"0":[0]},"fnMap":{"0":{"name":"(empty-report)","decl":{"start":{"line":1,"column":733},"end":{"line":28,"column":1}},"loc":{"start":{"line":1,"column":733},"end":{"line":28,"column":1}},"line":1}},"f":{"0":0}}
,"/Users/tj/Projects/projects/omnihealth-dashboard/src/App.tsx": {"path":"/Users/tj/Projects/projects/omnihealth-dashboard/src/App.tsx","all":true,"statementMap":{"0":{"start":{"line":1,"column":0},"end":{"line":1,"column":34}},"1":{"start":{"line":2,"column":0},"end":{"line":2,"column":42}},"3":{"start":{"line":4,"column":0},"end":{"line":4,"column":8}},"9":{"start":{"line":10,"column":0},"end":{"line":10,"column":63}},"10":{"start":{"line":11,"column":0},"end":{"line":11,"column":39}},"11":{"start":{"line":12,"column":0},"end":{"line":12,"column":43}},"12":{"start":{"line":13,"column":0},"end":{"line":13,"column":59}},"14":{"start":{"line":15,"column":0},"end":{"line":15,"column":42}},"15":{"start":{"line":16,"column":0},"end":{"line":16,"column":36}},"16":{"start":{"line":17,"column":0},"end":{"line":17,"column":26}},"18":{"start":{"line":19,"column":0},"end":{"line":19,"column":20}},"20":{"start":{"line":21,"column":0},"end":{"line":21,"column":16}},"21":{"start":{"line":22,"column":0},"end":{"line":22,"column":36}},"22":{"start":{"line":23,"column":0},"end":{"line":23,"column":64}},"24":{"start":{"line":25,"column":0},"end":{"line":25,"column":19}},"25":{"start":{"line":26,"column":0},"end":{"line":26,"column":66}},"27":{"start":{"line":28,"column":0},"end":{"line":28,"column":25}},"28":{"start":{"line":29,"column":0},"end":{"line":29,"column":11}},"29":{"start":{"line":30,"column":0},"end":{"line":30,"column":52}},"30":{"start":{"line":31,"column":0},"end":{"line":31,"column":21}},"31":{"start":{"line":32,"column":0},"end":{"line":32,"column":69}},"32":{"start":{"line":33,"column":0},"end":{"line":33,"column":27}},"33":{"start":{"line":34,"column":0},"end":{"line":34,"column":7}},"34":{"start":{"line":35,"column":0},"end":{"line":35,"column":12}},"35":{"start":{"line":36,"column":0},"end":{"line":36,"column":25}},"36":{"start":{"line":37,"column":0},"end":{"line":37,"column":32}},"37":{"start":{"line":38,"column":0},"end":{"line":38,"column":5}},"38":{"start":{"line":39,"column":0},"end":{"line":39,"column":17}},"40":{"start":{"line":41,"column":0},"end":{"line":41,"column":10}},"41":{"start":{"line":42,"column":0},"end":{"line":42,"column":39}},"42":{"start":{"line":43,"column":0},"end":{"line":43,"column":14}},"43":{"start":{"line":44,"column":0},"end":{"line":44,"column":28}},"44":{"start":{"line":45,"column":0},"end":{"line":45,"column":23}},"45":{"start":{"line":46,"column":0},"end":{"line":46,"column":18}},"46":{"start":{"line":47,"column":0},"end":{"line":47,"column":44}},"47":{"start":{"line":48,"column":0},"end":{"line":48,"column":32}},"48":{"start":{"line":49,"column":0},"end":{"line":49,"column":32}},"49":{"start":{"line":50,"column":0},"end":{"line":50,"column":12}},"50":{"start":{"line":51,"column":0},"end":{"line":51,"column":10}},"51":{"start":{"line":52,"column":0},"end":{"line":52,"column":8}},"53":{"start":{"line":54,"column":0},"end":{"line":54,"column":38}},"55":{"start":{"line":56,"column":0},"end":{"line":56,"column":76}},"56":{"start":{"line":57,"column":0},"end":{"line":57,"column":24}},"57":{"start":{"line":58,"column":0},"end":{"line":58,"column":58}},"58":{"start":{"line":59,"column":0},"end":{"line":59,"column":25}},"59":{"start":{"line":60,"column":0},"end":{"line":60,"column":25}},"60":{"start":{"line":61,"column":0},"end":{"line":61,"column":16}},"61":{"start":{"line":62,"column":0},"end":{"line":62,"column":30}},"62":{"start":{"line":63,"column":0},"end":{"line":63,"column":58}},"63":{"start":{"line":64,"column":0},"end":{"line":64,"column":22}},"64":{"start":{"line":65,"column":0},"end":{"line":65,"column":25}},"65":{"start":{"line":66,"column":0},"end":{"line":66,"column":16}},"66":{"start":{"line":67,"column":0},"end":{"line":67,"column":29}},"67":{"start":{"line":68,"column":0},"end":{"line":68,"column":18}},"68":{"start":{"line":69,"column":0},"end":{"line":69,"column":16}},"69":{"start":{"line":70,"column":0},"end":{"line":70,"column":30}},"70":{"start":{"line":71,"column":0},"end":{"line":71,"column":18}},"71":{"start":{"line":72,"column":0},"end":{"line":72,"column":16}},"72":{"start":{"line":73,"column":0},"end":{"line":73,"column":13}},"73":{"start":{"line":74,"column":0},"end":{"line":74,"column":14}},"75":{"start":{"line":76,"column":0},"end":{"line":76,"column":1}},"77":{"start":{"line":78,"column":0},"end":{"line":78,"column":19}}},"s":{"0":0,"1":0,"3":0,"9":0,"10":0,"11":0,"12":0,"14":0,"15":0,"16":0,"18":0,"20":0,"21":0,"22":0,"24":0,"25":0,"27":0,"28":0,"29":0,"30":0,"31":0,"32":0,"33":0,"34":0,"35":0,"36":0,"37":0,"38":0,"40":0,"41":0,"42":0,"43":0,"44":0,"45":0,"46":0,"47":0,"48":0,"49":0,"50":0,"51":0,"53":0,"55":0,"56":0,"57":0,"58":0,"59":0,"60":0,"61":0,"62":0,"63":0,"64":0,"65":0,"66":0,"67":0,"68":0,"69":0,"70":0,"71":0,"72":0,"73":0,"75":0,"77":0},"branchMap":{"0":{"type":"branch","line":1,"loc":{"start":{"line":1,"column":1945},"end":{"line":78,"column":19}},"locations":[{"start":{"line":1,"column":1945},"end":{"line":78,"column":19}}]}},"b":{"0":[0]},"fnMap":{"0":{"name":"(empty-report)","decl":{"start":{"line":1,"column":1945},"end":{"line":78,"column":19}},"loc":{"start":{"line":1,"column":1945},"end":{"line":78,"column":19}},"line":1}},"f":{"0":0}}
,"/Users/tj/Projects/projects/omnihealth-dashboard/src/config.ts": {"path":"/Users/tj/Projects/projects/omnihealth-dashboard/src/config.ts","all":true,"statementMap":{"0":{"start":{"line":1,"column":0},"end":{"line":1,"column":27}},"1":{"start":{"line":2,"column":0},"end":{"line":2,"column":63}}},"s":{"0":0,"1":0},"branchMap":{"0":{"type":"branch","line":1,"loc":{"start":{"line":1,"column":91},"end":{"line":2,"column":63}},"locations":[{"start":{"line":1,"column":91},"end":{"line":2,"column":63}}]}},"b":{"0":[0]},"fnMap":{"0":{"name":"(empty-report)","decl":{"start":{"line":1,"column":91},"end":{"line":2,"column":63}},"loc":{"start":{"line":1,"column":91},"end":{"line":2,"column":63}},"line":1}},"f":{"0":0}}
,"/Users/tj/Projects/projects/omnihealth-dashboard/src/main.tsx": {"path":"/Users/tj/Projects/projects/omnihealth-dashboard/src/main.tsx","all":true,"statementMap":{"0":{"start":{"line":1,"column":0},"end":{"line":1,"column":35}},"1":{"start":{"line":2,"column":0},"end":{"line":2,"column":46}},"2":{"start":{"line":3,"column":0},"end":{"line":3,"column":39}},"4":{"start":{"line":5,"column":0},"end":{"line":5,"column":62}},"5":{"start":{"line":6,"column":0},"end":{"line":6,"column":38}},"6":{"start":{"line":7,"column":0},"end":{"line":7,"column":28}},"8":{"start":{"line":9,"column":0},"end":{"line":9,"column":21}},"9":{"start":{"line":10,"column":0},"end":{"line":10,"column":22}},"11":{"start":{"line":12,"column":0},"end":{"line":12,"column":52}},"12":{"start":{"line":13,"column":0},"end":{"line":13,"column":14}},"13":{"start":{"line":14,"column":0},"end":{"line":14,"column":24}},"14":{"start":{"line":15,"column":0},"end":{"line":15,"column":30}},"15":{"start":{"line":16,"column":0},"end":{"line":16,"column":15}},"16":{"start":{"line":17,"column":0},"end":{"line":17,"column":17}},"17":{"start":{"line":18,"column":0},"end":{"line":18,"column":25}},"18":{"start":{"line":19,"column":0},"end":{"line":19,"column":15}},"19":{"start":{"line":20,"column":0},"end":{"line":20,"column":2}}},"s":{"0":0,"1":0,"2":0,"4":0,"5":0,"6":0,"8":0,"9":0,"11":0,"12":0,"13":0,"14":0,"15":0,"16":0,"17":0,"18":0,"19":0},"branchMap":{"0":{"type":"branch","line":1,"loc":{"start":{"line":1,"column":434},"end":{"line":20,"column":-316}},"locations":[{"start":{"line":1,"column":434},"end":{"line":20,"column":-316}}]}},"b":{"0":[0]},"fnMap":{"0":{"name":"(empty-report)","decl":{"start":{"line":1,"column":434},"end":{"line":20,"column":-316}},"loc":{"start":{"line":1,"column":434},"end":{"line":20,"column":-316}},"line":1}},"f":{"0":0}}
,"/Users/tj/Projects/projects/omnihealth-dashboard/src/types.ts": {"path":"/Users/tj/Projects/projects/omnihealth-dashboard/src/types.ts","all":true,"statementMap":{},"s":{},"branchMap":{"0":{"type":"branch","line":1,"loc":{"start":{"line":1,"column":894},"end":{"line":49,"column":1}},"locations":[{"start":{"line":1,"column":894},"end":{"line":49,"column":1}}]}},"b":{"0":[1]},"fnMap":{"0":{"name":"(empty-report)","decl":{"start":{"line":1,"column":894},"end":{"line":49,"column":1}},"loc":{"start":{"line":1,"column":894},"end":{"line":49,"column":1}},"line":1}},"f":{"0":1}}
,"/Users/tj/Projects/projects/omnihealth-dashboard/src/utils.ts": {"path":"/Users/tj/Projects/projects/omnihealth-dashboard/src/utils.ts","all":false,"statementMap":{"0":{"start":{"line":1,"column":0},"end":{"line":1,"column":47}},"1":{"start":{"line":2,"column":0},"end":{"line":2,"column":32}},"2":{"start":{"line":3,"column":0},"end":{"line":3,"column":31}},"3":{"start":{"line":4,"column":0},"end":{"line":4,"column":3}},"4":{"start":{"line":5,"column":0},"end":{"line":5,"column":14}},"5":{"start":{"line":6,"column":0},"end":{"line":6,"column":63}},"6":{"start":{"line":7,"column":0},"end":{"line":7,"column":74}},"7":{"start":{"line":8,"column":0},"end":{"line":8,"column":2}},"9":{"start":{"line":10,"column":0},"end":{"line":10,"column":35}},"10":{"start":{"line":11,"column":0},"end":{"line":11,"column":16}},"11":{"start":{"line":12,"column":0},"end":{"line":12,"column":16}},"12":{"start":{"line":13,"column":0},"end":{"line":13,"column":26}},"13":{"start":{"line":14,"column":0},"end":{"line":14,"column":14}},"14":{"start":{"line":15,"column":0},"end":{"line":15,"column":57}},"16":{"start":{"line":17,"column":0},"end":{"line":17,"column":57}},"17":{"start":{"line":18,"column":0},"end":{"line":18,"column":41}},"18":{"start":{"line":19,"column":0},"end":{"line":19,"column":76}},"19":{"start":{"line":20,"column":0},"end":{"line":20,"column":59}},"20":{"start":{"line":21,"column":0},"end":{"line":21,"column":68}},"21":{"start":{"line":22,"column":0},"end":{"line":22,"column":37}},"22":{"start":{"line":23,"column":0},"end":{"line":23,"column":3}},"24":{"start":{"line":25,"column":0},"end":{"line":25,"column":12}},"25":{"start":{"line":26,"column":0},"end":{"line":26,"column":2}}},"s":{"0":1,"1":9,"2":1,"3":1,"4":8,"5":8,"6":8,"7":8,"9":1,"10":28,"11":28,"12":28,"13":28,"14":28,"16":28,"17":0,"18":21,"19":0,"20":19,"21":0,"22":0,"24":19,"25":19},"branchMap":{"0":{"type":"branch","line":1,"loc":{"start":{"line":1,"column":27},"end":{"line":8,"column":2}},"locations":[{"start":{"line":1,"column":27},"end":{"line":8,"column":2}}]},"1":{"type":"branch","line":2,"loc":{"start":{"line":2,"column":31},"end":{"line":4,"column":3}},"locations":[{"start":{"line":2,"column":31},"end":{"line":4,"column":3}}]},"2":{"type":"branch","line":4,"loc":{"start":{"line":4,"column":2},"end":{"line":8,"column":2}},"locations":[{"start":{"line":4,"column":2},"end":{"line":8,"column":2}}]},"3":{"type":"branch","line":7,"loc":{"start":{"line":7,"column":19},"end":{"line":7,"column":45}},"locations":[{"start":{"line":7,"column":19},"end":{"line":7,"column":45}}]},"4":{"type":"branch","line":10,"loc":{"start":{"line":10,"column":34},"end":{"line":26,"column":2}},"locations":[{"start":{"line":10,"column":34},"end":{"line":26,"column":2}}]},"5":{"type":"branch","line":15,"loc":{"start":{"line":15,"column":14},"end":{"line":15,"column":57}},"locations":[{"start":{"line":15,"column":14},"end":{"line":15,"column":57}}]},"6":{"type":"branch","line":15,"loc":{"start":{"line":15,"column":42},"end":{"line":17,"column":56}},"locations":[{"start":{"line":15,"column":42},"end":{"line":17,"column":56}}]},"7":{"type":"branch","line":15,"loc":{"start":{"line":15,"column":42},"end":{"line":17,"column":27}},"locations":[{"start":{"line":15,"column":42},"end":{"line":17,"column":27}}]},"8":{"type":"branch","line":17,"loc":{"start":{"line":17,"column":16},"end":{"line":17,"column":56}},"locations":[{"start":{"line":17,"column":16},"end":{"line":17,"column":56}}]},"9":{"type":"branch","line":17,"loc":{"start":{"line":17,"column":56},"end":{"line":26,"column":2}},"locations":[{"start":{"line":17,"column":56},"end":{"line":26,"column":2}}]},"10":{"type":"branch","line":17,"loc":{"start":{"line":17,"column":56},"end":{"line":19,"column":13}},"locations":[{"start":{"line":17,"column":56},"end":{"line":19,"column":13}}]},"11":{"type":"branch","line":19,"loc":{"start":{"line":19,"column":2},"end":{"line":26,"column":2}},"locations":[{"start":{"line":19,"column":2},"end":{"line":26,"column":2}}]},"12":{"type":"branch","line":19,"loc":{"start":{"line":19,"column":23},"end":{"line":19,"column":75}},"locations":[{"start":{"line":19,"column":23},"end":{"line":19,"column":75}}]},"13":{"type":"branch","line":19,"loc":{"start":{"line":19,"column":75},"end":{"line":21,"column":13}},"locations":[{"start":{"line":19,"column":75},"end":{"line":21,"column":13}}]},"14":{"type":"branch","line":21,"loc":{"start":{"line":21,"column":23},"end":{"line":21,"column":67}},"locations":[{"start":{"line":21,"column":23},"end":{"line":21,"column":67}}]},"15":{"type":"branch","line":21,"loc":{"start":{"line":21,"column":67},"end":{"line":23,"column":3}},"locations":[{"start":{"line":21,"column":67},"end":{"line":23,"column":3}}]}},"b":{"0":[9],"1":[1],"2":[8],"3":[8],"4":[28],"5":[9],"6":[21],"7":[19],"8":[5],"9":[21],"10":[0],"11":[19],"12":[2],"13":[0],"14":[2],"15":[0]},"fnMap":{"0":{"name":"formatField","decl":{"start":{"line":1,"column":27},"end":{"line":8,"column":2}},"loc":{"start":{"line":1,"column":27},"end":{"line":8,"column":2}},"line":1},"1":{"name":"getValidationError","decl":{"start":{"line":10,"column":34},"end":{"line":26,"column":2}},"loc":{"start":{"line":10,"column":34},"end":{"line":26,"column":2}},"line":10}},"f":{"0":9,"1":28}}
,"/Users/tj/Projects/projects/omnihealth-dashboard/src/Auth/index.tsx": {"path":"/Users/tj/Projects/projects/omnihealth-dashboard/src/Auth/index.tsx","all":true,"statementMap":{"0":{"start":{"line":1,"column":0},"end":{"line":1,"column":26}},"2":{"start":{"line":3,"column":0},"end":{"line":3,"column":47}},"3":{"start":{"line":4,"column":0},"end":{"line":4,"column":49}},"5":{"start":{"line":6,"column":0},"end":{"line":6,"column":51}},"6":{"start":{"line":7,"column":0},"end":{"line":7,"column":32}},"7":{"start":{"line":8,"column":0},"end":{"line":8,"column":28}},"8":{"start":{"line":9,"column":0},"end":{"line":9,"column":30}},"10":{"start":{"line":11,"column":0},"end":{"line":11,"column":21}},"12":{"start":{"line":13,"column":0},"end":{"line":13,"column":30}},"13":{"start":{"line":14,"column":0},"end":{"line":14,"column":42}},"14":{"start":{"line":15,"column":0},"end":{"line":15,"column":39}},"16":{"start":{"line":17,"column":0},"end":{"line":17,"column":10}},"17":{"start":{"line":18,"column":0},"end":{"line":18,"column":40}},"18":{"start":{"line":19,"column":0},"end":{"line":19,"column":40}},"19":{"start":{"line":20,"column":0},"end":{"line":20,"column":35}},"20":{"start":{"line":21,"column":0},"end":{"line":21,"column":62}},"21":{"start":{"line":22,"column":0},"end":{"line":22,"column":14}},"22":{"start":{"line":23,"column":0},"end":{"line":23,"column":16}},"23":{"start":{"line":24,"column":0},"end":{"line":24,"column":36}},"24":{"start":{"line":25,"column":0},"end":{"line":25,"column":35}},"25":{"start":{"line":26,"column":0},"end":{"line":26,"column":16}},"26":{"start":{"line":27,"column":0},"end":{"line":27,"column":14}},"28":{"start":{"line":29,"column":0},"end":{"line":29,"column":2}},"30":{"start":{"line":31,"column":0},"end":{"line":31,"column":20}}},"s":{"0":0,"2":0,"3":0,"5":0,"6":0,"7":0,"8":0,"10":0,"12":0,"13":0,"14":0,"16":0,"17":0,"18":0,"19":0,"20":0,"21":0,"22":0,"23":0,"24":0,"25":0,"26":0,"28":0,"30":0},"branchMap":{"0":{"type":"branch","line":1,"loc":{"start":{"line":1,"column":769},"end":{"line":31,"column":20}},"locations":[{"start":{"line":1,"column":769},"end":{"line":31,"column":20}}]}},"b":{"0":[0]},"fnMap":{"0":{"name":"(empty-report)","decl":{"start":{"line":1,"column":769},"end":{"line":31,"column":20}},"loc":{"start":{"line":1,"column":769},"end":{"line":31,"column":20}},"line":1}},"f":{"0":0}}
,"/Users/tj/Projects/projects/omnihealth-dashboard/src/Auth/AuthImg/index.tsx": {"path":"/Users/tj/Projects/projects/omnihealth-dashboard/src/Auth/AuthImg/index.tsx","all":false,"statementMap":{"0":{"start":{"line":1,"column":0},"end":{"line":1,"column":51}},"2":{"start":{"line":3,"column":0},"end":{"line":3,"column":24}},"8":{"start":{"line":9,"column":0},"end":{"line":9,"column":67}},"9":{"start":{"line":10,"column":0},"end":{"line":10,"column":64}},"10":{"start":{"line":11,"column":0},"end":{"line":11,"column":47}},"12":{"start":{"line":13,"column":0},"end":{"line":13,"column":19}},"13":{"start":{"line":14,"column":0},"end":{"line":14,"column":40}},"14":{"start":{"line":15,"column":0},"end":{"line":15,"column":64}},"15":{"start":{"line":16,"column":0},"end":{"line":16,"column":38}},"16":{"start":{"line":17,"column":0},"end":{"line":17,"column":23}},"17":{"start":{"line":18,"column":0},"end":{"line":18,"column":14}},"19":{"start":{"line":20,"column":0},"end":{"line":20,"column":41}},"20":{"start":{"line":21,"column":0},"end":{"line":21,"column":41}},"22":{"start":{"line":23,"column":0},"end":{"line":23,"column":10}},"23":{"start":{"line":24,"column":0},"end":{"line":24,"column":8}},"24":{"start":{"line":25,"column":0},"end":{"line":25,"column":16}},"25":{"start":{"line":26,"column":0},"end":{"line":26,"column":37}},"26":{"start":{"line":27,"column":0},"end":{"line":27,"column":37}},"27":{"start":{"line":28,"column":0},"end":{"line":28,"column":71}},"28":{"start":{"line":29,"column":0},"end":{"line":29,"column":38}},"29":{"start":{"line":30,"column":0},"end":{"line":30,"column":24}},"30":{"start":{"line":31,"column":0},"end":{"line":31,"column":6}},"32":{"start":{"line":33,"column":0},"end":{"line":33,"column":2}},"34":{"start":{"line":35,"column":0},"end":{"line":35,"column":23}}},"s":{"0":1,"2":1,"8":1,"9":6,"10":6,"12":6,"13":5,"14":2,"15":2,"16":2,"17":5,"19":5,"20":6,"22":6,"23":6,"24":6,"25":6,"26":6,"27":6,"28":6,"29":6,"30":6,"32":6,"34":1},"branchMap":{"0":{"type":"branch","line":9,"loc":{"start":{"line":9,"column":40},"end":{"line":33,"column":2}},"locations":[{"start":{"line":9,"column":40},"end":{"line":33,"column":2}}]},"1":{"type":"branch","line":28,"loc":{"start":{"line":28,"column":44},"end":{"line":28,"column":66}},"locations":[{"start":{"line":28,"column":44},"end":{"line":28,"column":66}}]},"2":{"type":"branch","line":28,"loc":{"start":{"line":28,"column":54},"end":{"line":28,"column":68}},"locations":[{"start":{"line":28,"column":54},"end":{"line":28,"column":68}}]},"3":{"type":"branch","line":13,"loc":{"start":{"line":13,"column":12},"end":{"line":21,"column":5}},"locations":[{"start":{"line":13,"column":12},"end":{"line":21,"column":5}}]},"4":{"type":"branch","line":14,"loc":{"start":{"line":14,"column":33},"end":{"line":18,"column":7}},"locations":[{"start":{"line":14,"column":33},"end":{"line":18,"column":7}}]},"5":{"type":"branch","line":20,"loc":{"start":{"line":20,"column":11},"end":{"line":20,"column":41}},"locations":[{"start":{"line":20,"column":11},"end":{"line":20,"column":41}}]},"6":{"type":"branch","line":29,"loc":{"start":{"line":29,"column":14},"end":{"line":29,"column":38}},"locations":[{"start":{"line":29,"column":14},"end":{"line":29,"column":38}}]}},"b":{"0":[6],"1":[5],"2":[1],"3":[5],"4":[2],"5":[5],"6":[1]},"fnMap":{"0":{"name":"AuthImg","decl":{"start":{"line":9,"column":40},"end":{"line":33,"column":2}},"loc":{"start":{"line":9,"column":40},"end":{"line":33,"column":2}},"line":9},"1":{"name":"onLoad","decl":{"start":{"line":29,"column":14},"end":{"line":29,"column":38}},"loc":{"start":{"line":29,"column":14},"end":{"line":29,"column":38}},"line":29}},"f":{"0":6,"1":1}}
,"/Users/tj/Projects/projects/omnihealth-dashboard/src/Auth/Login/index.tsx": {"path":"/Users/tj/Projects/projects/omnihealth-dashboard/src/Auth/Login/index.tsx","all":false,"statementMap":{"0":{"start":{"line":1,"column":0},"end":{"line":1,"column":64}},"1":{"start":{"line":2,"column":0},"end":{"line":2,"column":36}},"4":{"start":{"line":5,"column":0},"end":{"line":5,"column":67}},"5":{"start":{"line":6,"column":0},"end":{"line":6,"column":8}},"11":{"start":{"line":12,"column":0},"end":{"line":12,"column":72}},"12":{"start":{"line":13,"column":0},"end":{"line":13,"column":54}},"13":{"start":{"line":14,"column":0},"end":{"line":14,"column":49}},"15":{"start":{"line":16,"column":0},"end":{"line":16,"column":48}},"16":{"start":{"line":17,"column":0},"end":{"line":17,"column":50}},"17":{"start":{"line":18,"column":0},"end":{"line":18,"column":52}},"19":{"start":{"line":20,"column":0},"end":{"line":20,"column":22}},"27":{"start":{"line":28,"column":0},"end":{"line":28,"column":52}},"28":{"start":{"line":29,"column":0},"end":{"line":29,"column":32}},"29":{"start":{"line":30,"column":0},"end":{"line":30,"column":52}},"30":{"start":{"line":31,"column":0},"end":{"line":31,"column":51}},"31":{"start":{"line":32,"column":0},"end":{"line":32,"column":57}},"32":{"start":{"line":33,"column":0},"end":{"line":33,"column":5}},"33":{"start":{"line":34,"column":0},"end":{"line":34,"column":16}},"34":{"start":{"line":35,"column":0},"end":{"line":35,"column":2}},"36":{"start":{"line":37,"column":0},"end":{"line":37,"column":31}},"37":{"start":{"line":38,"column":0},"end":{"line":38,"column":68}},"38":{"start":{"line":39,"column":0},"end":{"line":39,"column":36}},"39":{"start":{"line":40,"column":0},"end":{"line":40,"column":64}},"40":{"start":{"line":41,"column":0},"end":{"line":41,"column":50}},"41":{"start":{"line":42,"column":0},"end":{"line":42,"column":39}},"43":{"start":{"line":44,"column":0},"end":{"line":44,"column":76}},"44":{"start":{"line":45,"column":0},"end":{"line":45,"column":55}},"46":{"start":{"line":47,"column":0},"end":{"line":47,"column":80}},"47":{"start":{"line":48,"column":0},"end":{"line":48,"column":30}},"48":{"start":{"line":49,"column":0},"end":{"line":49,"column":20}},"49":{"start":{"line":50,"column":0},"end":{"line":50,"column":38}},"50":{"start":{"line":51,"column":0},"end":{"line":51,"column":8}},"51":{"start":{"line":52,"column":0},"end":{"line":52,"column":77}},"52":{"start":{"line":53,"column":0},"end":{"line":53,"column":9}},"54":{"start":{"line":55,"column":0},"end":{"line":55,"column":38}},"55":{"start":{"line":56,"column":0},"end":{"line":56,"column":49}},"56":{"start":{"line":57,"column":0},"end":{"line":57,"column":39}},"57":{"start":{"line":58,"column":0},"end":{"line":58,"column":34}},"58":{"start":{"line":59,"column":0},"end":{"line":59,"column":22}},"59":{"start":{"line":60,"column":0},"end":{"line":60,"column":48}},"60":{"start":{"line":61,"column":0},"end":{"line":61,"column":10}},"61":{"start":{"line":62,"column":0},"end":{"line":62,"column":6}},"62":{"start":{"line":63,"column":0},"end":{"line":63,"column":6}},"63":{"start":{"line":64,"column":0},"end":{"line":64,"column":4}},"65":{"start":{"line":66,"column":0},"end":{"line":66,"column":75}},"66":{"start":{"line":67,"column":0},"end":{"line":67,"column":27}},"68":{"start":{"line":69,"column":0},"end":{"line":69,"column":37}},"69":{"start":{"line":70,"column":0},"end":{"line":70,"column":25}},"70":{"start":{"line":71,"column":0},"end":{"line":71,"column":50}},"72":{"start":{"line":73,"column":0},"end":{"line":73,"column":9}},"73":{"start":{"line":74,"column":0},"end":{"line":74,"column":46}},"74":{"start":{"line":75,"column":0},"end":{"line":75,"column":26}},"75":{"start":{"line":76,"column":0},"end":{"line":76,"column":32}},"76":{"start":{"line":77,"column":0},"end":{"line":77,"column":18}},"78":{"start":{"line":79,"column":0},"end":{"line":79,"column":34}},"79":{"start":{"line":80,"column":0},"end":{"line":80,"column":19}},"80":{"start":{"line":81,"column":0},"end":{"line":81,"column":47}},"82":{"start":{"line":83,"column":0},"end":{"line":83,"column":34}},"83":{"start":{"line":84,"column":0},"end":{"line":84,"column":53}},"84":{"start":{"line":85,"column":0},"end":{"line":85,"column":19}},"85":{"start":{"line":86,"column":0},"end":{"line":86,"column":25}},"86":{"start":{"line":87,"column":0},"end":{"line":87,"column":28}},"87":{"start":{"line":88,"column":0},"end":{"line":88,"column":11}},"88":{"start":{"line":89,"column":0},"end":{"line":89,"column":50}},"89":{"start":{"line":90,"column":0},"end":{"line":90,"column":29}},"90":{"start":{"line":91,"column":0},"end":{"line":91,"column":14}},"91":{"start":{"line":92,"column":0},"end":{"line":92,"column":68}},"92":{"start":{"line":93,"column":0},"end":{"line":93,"column":56}},"93":{"start":{"line":94,"column":0},"end":{"line":94,"column":29}},"94":{"start":{"line":95,"column":0},"end":{"line":95,"column":7}},"95":{"start":{"line":96,"column":0},"end":{"line":96,"column":5}},"96":{"start":{"line":97,"column":0},"end":{"line":97,"column":4}},"98":{"start":{"line":99,"column":0},"end":{"line":99,"column":19}},"99":{"start":{"line":100,"column":0},"end":{"line":100,"column":26}},"100":{"start":{"line":101,"column":0},"end":{"line":101,"column":32}},"101":{"start":{"line":102,"column":0},"end":{"line":102,"column":32}},"102":{"start":{"line":103,"column":0},"end":{"line":103,"column":5}},"103":{"start":{"line":104,"column":0},"end":{"line":104,"column":54}},"105":{"start":{"line":106,"column":0},"end":{"line":106,"column":10}},"106":{"start":{"line":107,"column":0},"end":{"line":107,"column":41}},"107":{"start":{"line":108,"column":0},"end":{"line":108,"column":14}},"108":{"start":{"line":109,"column":0},"end":{"line":109,"column":11}},"109":{"start":{"line":110,"column":0},"end":{"line":110,"column":31}},"110":{"start":{"line":111,"column":0},"end":{"line":111,"column":18}},"111":{"start":{"line":112,"column":0},"end":{"line":112,"column":30}},"112":{"start":{"line":113,"column":0},"end":{"line":113,"column":32}},"114":{"start":{"line":115,"column":0},"end":{"line":115,"column":41}},"115":{"start":{"line":116,"column":0},"end":{"line":116,"column":78}},"116":{"start":{"line":117,"column":0},"end":{"line":117,"column":43}},"119":{"start":{"line":120,"column":0},"end":{"line":120,"column":14}},"120":{"start":{"line":121,"column":0},"end":{"line":121,"column":59}},"121":{"start":{"line":122,"column":0},"end":{"line":122,"column":17}},"122":{"start":{"line":123,"column":0},"end":{"line":123,"column":62}},"123":{"start":{"line":124,"column":0},"end":{"line":124,"column":16}},"124":{"start":{"line":125,"column":0},"end":{"line":125,"column":22}},"125":{"start":{"line":126,"column":0},"end":{"line":126,"column":24}},"126":{"start":{"line":127,"column":0},"end":{"line":127,"column":24}},"127":{"start":{"line":128,"column":0},"end":{"line":128,"column":25}},"128":{"start":{"line":129,"column":0},"end":{"line":129,"column":37}},"129":{"start":{"line":130,"column":0},"end":{"line":130,"column":30}},"130":{"start":{"line":131,"column":0},"end":{"line":131,"column":35}},"131":{"start":{"line":132,"column":0},"end":{"line":132,"column":36}},"132":{"start":{"line":133,"column":0},"end":{"line":133,"column":32}},"133":{"start":{"line":134,"column":0},"end":{"line":134,"column":35}},"134":{"start":{"line":135,"column":0},"end":{"line":135,"column":20}},"135":{"start":{"line":136,"column":0},"end":{"line":136,"column":12}},"136":{"start":{"line":137,"column":0},"end":{"line":137,"column":16}},"137":{"start":{"line":138,"column":0},"end":{"line":138,"column":25}},"138":{"start":{"line":139,"column":0},"end":{"line":139,"column":27}},"139":{"start":{"line":140,"column":0},"end":{"line":140,"column":27}},"140":{"start":{"line":141,"column":0},"end":{"line":141,"column":28}},"141":{"start":{"line":142,"column":0},"end":{"line":142,"column":34}},"142":{"start":{"line":143,"column":0},"end":{"line":143,"column":33}},"143":{"start":{"line":144,"column":0},"end":{"line":144,"column":35}},"144":{"start":{"line":145,"column":0},"end":{"line":145,"column":36}},"145":{"start":{"line":146,"column":0},"end":{"line":146,"column":35}},"146":{"start":{"line":147,"column":0},"end":{"line":147,"column":43}},"147":{"start":{"line":148,"column":0},"end":{"line":148,"column":20}},"148":{"start":{"line":149,"column":0},"end":{"line":149,"column":12}},"150":{"start":{"line":151,"column":0},"end":{"line":151,"column":17}},"151":{"start":{"line":152,"column":0},"end":{"line":152,"column":57}},"152":{"start":{"line":153,"column":0},"end":{"line":153,"column":25}},"153":{"start":{"line":154,"column":0},"end":{"line":154,"column":32}},"154":{"start":{"line":155,"column":0},"end":{"line":155,"column":38}},"155":{"start":{"line":156,"column":0},"end":{"line":156,"column":12}},"156":{"start":{"line":157,"column":0},"end":{"line":157,"column":40}},"157":{"start":{"line":158,"column":0},"end":{"line":158,"column":15}},"158":{"start":{"line":159,"column":0},"end":{"line":159,"column":36}},"159":{"start":{"line":160,"column":0},"end":{"line":160,"column":80}},"161":{"start":{"line":162,"column":0},"end":{"line":162,"column":21}},"162":{"start":{"line":163,"column":0},"end":{"line":163,"column":16}},"163":{"start":{"line":164,"column":0},"end":{"line":164,"column":16}},"164":{"start":{"line":165,"column":0},"end":{"line":165,"column":19}},"165":{"start":{"line":166,"column":0},"end":{"line":166,"column":13}},"166":{"start":{"line":167,"column":0},"end":{"line":167,"column":14}},"168":{"start":{"line":169,"column":0},"end":{"line":169,"column":2}},"170":{"start":{"line":171,"column":0},"end":{"line":171,"column":21}}},"s":{"0":1,"1":1,"4":1,"5":1,"11":1,"12":1,"13":1,"15":1,"16":1,"17":1,"19":1,"27":1,"28":4,"29":4,"30":8,"31":8,"32":4,"33":4,"34":4,"36":1,"37":20,"38":20,"39":20,"40":20,"41":20,"43":20,"44":20,"46":20,"47":8,"48":8,"49":8,"50":8,"51":8,"52":20,"54":20,"55":20,"56":0,"57":0,"58":0,"59":0,"60":0,"61":0,"62":20,"63":20,"65":20,"66":4,"68":4,"69":4,"70":4,"72":3,"73":3,"74":3,"75":3,"76":3,"78":1,"79":4,"80":2,"82":2,"83":1,"84":1,"85":1,"86":1,"87":1,"88":1,"89":1,"90":1,"91":1,"92":1,"93":1,"94":1,"95":2,"96":4,"98":20,"99":7,"100":1,"101":1,"102":1,"103":20,"105":20,"106":20,"107":20,"108":20,"109":20,"110":20,"111":20,"112":20,"114":20,"115":20,"116":20,"119":20,"120":20,"121":20,"122":20,"123":20,"124":20,"125":20,"126":20,"127":20,"128":20,"129":20,"130":20,"131":20,"132":20,"133":20,"134":20,"135":20,"136":20,"137":20,"138":20,"139":20,"140":20,"141":20,"142":20,"143":20,"144":20,"145":20,"146":20,"147":20,"148":20,"150":20,"151":20,"152":20,"153":20,"154":20,"155":20,"156":20,"157":20,"158":20,"159":20,"161":20,"162":20,"163":20,"164":20,"165":20,"166":20,"168":20,"170":1},"branchMap":{"0":{"type":"branch","line":28,"loc":{"start":{"line":28,"column":17},"end":{"line":35,"column":2}},"locations":[{"start":{"line":28,"column":17},"end":{"line":35,"column":2}}]},"1":{"type":"branch","line":30,"loc":{"start":{"line":30,"column":31},"end":{"line":33,"column":3}},"locations":[{"start":{"line":30,"column":31},"end":{"line":33,"column":3}}]},"2":{"type":"branch","line":32,"loc":{"start":{"line":32,"column":15},"end":{"line":32,"column":57}},"locations":[{"start":{"line":32,"column":15},"end":{"line":32,"column":57}}]},"3":{"type":"branch","line":37,"loc":{"start":{"line":37,"column":24},"end":{"line":169,"column":2}},"locations":[{"start":{"line":37,"column":24},"end":{"line":169,"column":2}}]},"4":{"type":"branch","line":152,"loc":{"start":{"line":152,"column":19},"end":{"line":152,"column":49}},"locations":[{"start":{"line":152,"column":19},"end":{"line":152,"column":49}}]},"5":{"type":"branch","line":47,"loc":{"start":{"line":47,"column":35},"end":{"line":53,"column":5}},"locations":[{"start":{"line":47,"column":35},"end":{"line":53,"column":5}}]},"6":{"type":"branch","line":48,"loc":{"start":{"line":48,"column":12},"end":{"line":51,"column":6}},"locations":[{"start":{"line":48,"column":12},"end":{"line":51,"column":6}}]},"7":{"type":"branch","line":52,"loc":{"start":{"line":52,"column":14},"end":{"line":52,"column":75}},"locations":[{"start":{"line":52,"column":14},"end":{"line":52,"column":75}}]},"8":{"type":"branch","line":66,"loc":{"start":{"line":66,"column":23},"end":{"line":97,"column":4}},"locations":[{"start":{"line":66,"column":23},"end":{"line":97,"column":4}}]},"9":{"type":"branch","line":71,"loc":{"start":{"line":71,"column":43},"end":{"line":71,"column":50}},"locations":[{"start":{"line":71,"column":43},"end":{"line":71,"column":50}}]},"10":{"type":"branch","line":71,"loc":{"start":{"line":71,"column":43},"end":{"line":77,"column":18}},"locations":[{"start":{"line":71,"column":43},"end":{"line":77,"column":18}}]},"11":{"type":"branch","line":77,"loc":{"start":{"line":77,"column":16},"end":{"line":80,"column":13}},"locations":[{"start":{"line":77,"column":16},"end":{"line":80,"column":13}}]},"12":{"type":"branch","line":80,"loc":{"start":{"line":80,"column":4},"end":{"line":96,"column":5}},"locations":[{"start":{"line":80,"column":4},"end":{"line":96,"column":5}}]},"13":{"type":"branch","line":83,"loc":{"start":{"line":83,"column":33},"end":{"line":95,"column":7}},"locations":[{"start":{"line":83,"column":33},"end":{"line":95,"column":7}}]},"14":{"type":"branch","line":99,"loc":{"start":{"line":99,"column":12},"end":{"line":104,"column":5}},"locations":[{"start":{"line":99,"column":12},"end":{"line":104,"column":5}}]},"15":{"type":"branch","line":100,"loc":{"start":{"line":100,"column":25},"end":{"line":103,"column":5}},"locations":[{"start":{"line":100,"column":25},"end":{"line":103,"column":5}}]}},"b":{"0":[4],"1":[8],"2":[2],"3":[20],"4":[0],"5":[8],"6":[8],"7":[8],"8":[4],"9":[1],"10":[3],"11":[1],"12":[2],"13":[1],"14":[7],"15":[1]},"fnMap":{"0":{"name":"validate","decl":{"start":{"line":28,"column":17},"end":{"line":35,"column":2}},"loc":{"start":{"line":28,"column":17},"end":{"line":35,"column":2}},"line":28},"1":{"name":"Login","decl":{"start":{"line":37,"column":24},"end":{"line":169,"column":2}},"loc":{"start":{"line":37,"column":24},"end":{"line":169,"column":2}},"line":37},"2":{"name":"handleSubmit","decl":{"start":{"line":66,"column":23},"end":{"line":97,"column":4}},"loc":{"start":{"line":66,"column":23},"end":{"line":97,"column":4}},"line":66},"3":{"name":"onClick","decl":{"start":{"line":160,"column":53},"end":{"line":160,"column":80}},"loc":{"start":{"line":160,"column":53},"end":{"line":160,"column":80}},"line":160}},"f":{"0":4,"1":20,"2":4,"3":0}}
,"/Users/tj/Projects/projects/omnihealth-dashboard/src/Auth/Signup/Signup3.tsx": {"path":"/Users/tj/Projects/projects/omnihealth-dashboard/src/Auth/Signup/Signup3.tsx","all":true,"statementMap":{},"s":{},"branchMap":{"0":{"type":"branch","line":1,"loc":{"start":{"line":1,"column":0},"end":{"line":1,"column":0}},"locations":[{"start":{"line":1,"column":0},"end":{"line":1,"column":0}}]}},"b":{"0":[1]},"fnMap":{"0":{"name":"(empty-report)","decl":{"start":{"line":1,"column":0},"end":{"line":1,"column":0}},"loc":{"start":{"line":1,"column":0},"end":{"line":1,"column":0}},"line":1}},"f":{"0":1}}
,"/Users/tj/Projects/projects/omnihealth-dashboard/src/Auth/Signup/index.tsx": {"path":"/Users/tj/Projects/projects/omnihealth-dashboard/src/Auth/Signup/index.tsx","all":false,"statementMap":{"0":{"start":{"line":1,"column":0},"end":{"line":1,"column":53}},"1":{"start":{"line":2,"column":0},"end":{"line":2,"column":36}},"3":{"start":{"line":4,"column":0},"end":{"line":4,"column":73}},"4":{"start":{"line":5,"column":0},"end":{"line":5,"column":54}},"5":{"start":{"line":6,"column":0},"end":{"line":6,"column":49}},"7":{"start":{"line":8,"column":0},"end":{"line":8,"column":48}},"8":{"start":{"line":9,"column":0},"end":{"line":9,"column":50}},"9":{"start":{"line":10,"column":0},"end":{"line":10,"column":52}},"11":{"start":{"line":12,"column":0},"end":{"line":12,"column":23}},"34":{"start":{"line":35,"column":0},"end":{"line":35,"column":52}},"35":{"start":{"line":36,"column":0},"end":{"line":36,"column":32}},"36":{"start":{"line":37,"column":0},"end":{"line":37,"column":52}},"37":{"start":{"line":38,"column":0},"end":{"line":38,"column":17}},"38":{"start":{"line":39,"column":0},"end":{"line":39,"column":29}},"39":{"start":{"line":40,"column":0},"end":{"line":40,"column":57}},"40":{"start":{"line":41,"column":0},"end":{"line":41,"column":43}},"41":{"start":{"line":42,"column":0},"end":{"line":42,"column":57}},"42":{"start":{"line":43,"column":0},"end":{"line":43,"column":5}},"43":{"start":{"line":44,"column":0},"end":{"line":44,"column":16}},"44":{"start":{"line":45,"column":0},"end":{"line":45,"column":2}},"46":{"start":{"line":47,"column":0},"end":{"line":47,"column":32}},"47":{"start":{"line":48,"column":0},"end":{"line":48,"column":70}},"48":{"start":{"line":49,"column":0},"end":{"line":49,"column":39}},"50":{"start":{"line":51,"column":0},"end":{"line":51,"column":48}},"51":{"start":{"line":52,"column":0},"end":{"line":52,"column":17}},"52":{"start":{"line":53,"column":0},"end":{"line":53,"column":20}},"53":{"start":{"line":54,"column":0},"end":{"line":54,"column":19}},"54":{"start":{"line":55,"column":0},"end":{"line":55,"column":14}},"55":{"start":{"line":56,"column":0},"end":{"line":56,"column":14}},"56":{"start":{"line":57,"column":0},"end":{"line":57,"column":17}},"57":{"start":{"line":58,"column":0},"end":{"line":58,"column":20}},"58":{"start":{"line":59,"column":0},"end":{"line":59,"column":5}},"59":{"start":{"line":60,"column":0},"end":{"line":60,"column":55}},"61":{"start":{"line":62,"column":0},"end":{"line":62,"column":80}},"62":{"start":{"line":63,"column":0},"end":{"line":63,"column":30}},"63":{"start":{"line":64,"column":0},"end":{"line":64,"column":20}},"64":{"start":{"line":65,"column":0},"end":{"line":65,"column":38}},"65":{"start":{"line":66,"column":0},"end":{"line":66,"column":8}},"66":{"start":{"line":67,"column":0},"end":{"line":67,"column":77}},"67":{"start":{"line":68,"column":0},"end":{"line":68,"column":9}},"69":{"start":{"line":70,"column":0},"end":{"line":70,"column":71}},"70":{"start":{"line":71,"column":0},"end":{"line":71,"column":37}},"72":{"start":{"line":73,"column":0},"end":{"line":73,"column":27}},"73":{"start":{"line":74,"column":0},"end":{"line":74,"column":53}},"74":{"start":{"line":75,"column":0},"end":{"line":75,"column":34}},"75":{"start":{"line":76,"column":0},"end":{"line":76,"column":22}},"76":{"start":{"line":77,"column":0},"end":{"line":77,"column":66}},"77":{"start":{"line":78,"column":0},"end":{"line":78,"column":10}},"78":{"start":{"line":79,"column":0},"end":{"line":79,"column":21}},"79":{"start":{"line":80,"column":0},"end":{"line":80,"column":7}},"80":{"start":{"line":81,"column":0},"end":{"line":81,"column":4}},"82":{"start":{"line":83,"column":0},"end":{"line":83,"column":75}},"83":{"start":{"line":84,"column":0},"end":{"line":84,"column":27}},"85":{"start":{"line":86,"column":0},"end":{"line":86,"column":37}},"86":{"start":{"line":87,"column":0},"end":{"line":87,"column":25}},"87":{"start":{"line":88,"column":0},"end":{"line":88,"column":50}},"89":{"start":{"line":90,"column":0},"end":{"line":90,"column":50}},"91":{"start":{"line":92,"column":0},"end":{"line":92,"column":9}},"92":{"start":{"line":93,"column":0},"end":{"line":93,"column":62}},"94":{"start":{"line":95,"column":0},"end":{"line":95,"column":25}},"95":{"start":{"line":96,"column":0},"end":{"line":96,"column":60}},"96":{"start":{"line":97,"column":0},"end":{"line":97,"column":19}},"97":{"start":{"line":98,"column":0},"end":{"line":98,"column":43}},"98":{"start":{"line":99,"column":0},"end":{"line":99,"column":54}},"99":{"start":{"line":100,"column":0},"end":{"line":100,"column":5}},"100":{"start":{"line":101,"column":0},"end":{"line":101,"column":4}},"102":{"start":{"line":103,"column":0},"end":{"line":103,"column":10}},"103":{"start":{"line":104,"column":0},"end":{"line":104,"column":42}},"104":{"start":{"line":105,"column":0},"end":{"line":105,"column":14}},"105":{"start":{"line":106,"column":0},"end":{"line":106,"column":71}},"106":{"start":{"line":107,"column":0},"end":{"line":107,"column":42}},"107":{"start":{"line":108,"column":0},"end":{"line":108,"column":79}},"108":{"start":{"line":109,"column":0},"end":{"line":109,"column":44}},"111":{"start":{"line":112,"column":0},"end":{"line":112,"column":14}},"112":{"start":{"line":113,"column":0},"end":{"line":113,"column":51}},"113":{"start":{"line":114,"column":0},"end":{"line":114,"column":17}},"114":{"start":{"line":115,"column":0},"end":{"line":115,"column":63}},"115":{"start":{"line":116,"column":0},"end":{"line":116,"column":16}},"116":{"start":{"line":117,"column":0},"end":{"line":117,"column":25}},"117":{"start":{"line":118,"column":0},"end":{"line":118,"column":27}},"118":{"start":{"line":119,"column":0},"end":{"line":119,"column":23}},"119":{"start":{"line":120,"column":0},"end":{"line":120,"column":29}},"120":{"start":{"line":121,"column":0},"end":{"line":121,"column":53}},"121":{"start":{"line":122,"column":0},"end":{"line":122,"column":33}},"122":{"start":{"line":123,"column":0},"end":{"line":123,"column":35}},"123":{"start":{"line":124,"column":0},"end":{"line":124,"column":36}},"124":{"start":{"line":125,"column":0},"end":{"line":125,"column":35}},"125":{"start":{"line":126,"column":0},"end":{"line":126,"column":35}},"126":{"start":{"line":127,"column":0},"end":{"line":127,"column":20}},"127":{"start":{"line":128,"column":0},"end":{"line":128,"column":12}},"128":{"start":{"line":129,"column":0},"end":{"line":129,"column":16}},"129":{"start":{"line":130,"column":0},"end":{"line":130,"column":28}},"130":{"start":{"line":131,"column":0},"end":{"line":131,"column":30}},"131":{"start":{"line":132,"column":0},"end":{"line":132,"column":23}},"132":{"start":{"line":133,"column":0},"end":{"line":133,"column":32}},"133":{"start":{"line":134,"column":0},"end":{"line":134,"column":39}},"134":{"start":{"line":135,"column":0},"end":{"line":135,"column":36}},"135":{"start":{"line":136,"column":0},"end":{"line":136,"column":35}},"136":{"start":{"line":137,"column":0},"end":{"line":137,"column":38}},"137":{"start":{"line":138,"column":0},"end":{"line":138,"column":38}},"138":{"start":{"line":139,"column":0},"end":{"line":139,"column":12}},"139":{"start":{"line":140,"column":0},"end":{"line":140,"column":16}},"140":{"start":{"line":141,"column":0},"end":{"line":141,"column":27}},"141":{"start":{"line":142,"column":0},"end":{"line":142,"column":29}},"142":{"start":{"line":143,"column":0},"end":{"line":143,"column":23}},"143":{"start":{"line":144,"column":0},"end":{"line":144,"column":30}},"144":{"start":{"line":145,"column":0},"end":{"line":145,"column":63}},"145":{"start":{"line":146,"column":0},"end":{"line":146,"column":35}},"146":{"start":{"line":147,"column":0},"end":{"line":147,"column":35}},"147":{"start":{"line":148,"column":0},"end":{"line":148,"column":36}},"148":{"start":{"line":149,"column":0},"end":{"line":149,"column":37}},"149":{"start":{"line":150,"column":0},"end":{"line":150,"column":37}},"150":{"start":{"line":151,"column":0},"end":{"line":151,"column":20}},"151":{"start":{"line":152,"column":0},"end":{"line":152,"column":12}},"152":{"start":{"line":153,"column":0},"end":{"line":153,"column":16}},"153":{"start":{"line":154,"column":0},"end":{"line":154,"column":22}},"154":{"start":{"line":155,"column":0},"end":{"line":155,"column":24}},"155":{"start":{"line":156,"column":0},"end":{"line":156,"column":25}},"156":{"start":{"line":157,"column":0},"end":{"line":157,"column":32}},"157":{"start":{"line":158,"column":0},"end":{"line":158,"column":43}},"158":{"start":{"line":159,"column":0},"end":{"line":159,"column":30}},"159":{"start":{"line":160,"column":0},"end":{"line":160,"column":35}},"160":{"start":{"line":161,"column":0},"end":{"line":161,"column":36}},"161":{"start":{"line":162,"column":0},"end":{"line":162,"column":32}},"162":{"start":{"line":163,"column":0},"end":{"line":163,"column":32}},"163":{"start":{"line":164,"column":0},"end":{"line":164,"column":33}},"164":{"start":{"line":165,"column":0},"end":{"line":165,"column":20}},"165":{"start":{"line":166,"column":0},"end":{"line":166,"column":12}},"166":{"start":{"line":167,"column":0},"end":{"line":167,"column":16}},"167":{"start":{"line":168,"column":0},"end":{"line":168,"column":22}},"168":{"start":{"line":169,"column":0},"end":{"line":169,"column":24}},"169":{"start":{"line":170,"column":0},"end":{"line":170,"column":23}},"170":{"start":{"line":171,"column":0},"end":{"line":171,"column":25}},"171":{"start":{"line":172,"column":0},"end":{"line":172,"column":48}},"172":{"start":{"line":173,"column":0},"end":{"line":173,"column":30}},"173":{"start":{"line":174,"column":0},"end":{"line":174,"column":35}},"174":{"start":{"line":175,"column":0},"end":{"line":175,"column":36}},"175":{"start":{"line":176,"column":0},"end":{"line":176,"column":32}},"176":{"start":{"line":177,"column":0},"end":{"line":177,"column":32}},"177":{"start":{"line":178,"column":0},"end":{"line":178,"column":20}},"178":{"start":{"line":179,"column":0},"end":{"line":179,"column":12}},"179":{"start":{"line":180,"column":0},"end":{"line":180,"column":16}},"180":{"start":{"line":181,"column":0},"end":{"line":181,"column":25}},"181":{"start":{"line":182,"column":0},"end":{"line":182,"column":27}},"182":{"start":{"line":183,"column":0},"end":{"line":183,"column":27}},"183":{"start":{"line":184,"column":0},"end":{"line":184,"column":28}},"184":{"start":{"line":185,"column":0},"end":{"line":185,"column":34}},"185":{"start":{"line":186,"column":0},"end":{"line":186,"column":33}},"186":{"start":{"line":187,"column":0},"end":{"line":187,"column":35}},"187":{"start":{"line":188,"column":0},"end":{"line":188,"column":36}},"188":{"start":{"line":189,"column":0},"end":{"line":189,"column":35}},"189":{"start":{"line":190,"column":0},"end":{"line":190,"column":43}},"190":{"start":{"line":191,"column":0},"end":{"line":191,"column":20}},"191":{"start":{"line":192,"column":0},"end":{"line":192,"column":12}},"192":{"start":{"line":193,"column":0},"end":{"line":193,"column":16}},"193":{"start":{"line":194,"column":0},"end":{"line":194,"column":28}},"194":{"start":{"line":195,"column":0},"end":{"line":195,"column":30}},"195":{"start":{"line":196,"column":0},"end":{"line":196,"column":27}},"196":{"start":{"line":197,"column":0},"end":{"line":197,"column":37}},"197":{"start":{"line":198,"column":0},"end":{"line":198,"column":34}},"198":{"start":{"line":199,"column":0},"end":{"line":199,"column":36}},"199":{"start":{"line":200,"column":0},"end":{"line":200,"column":35}},"200":{"start":{"line":201,"column":0},"end":{"line":201,"column":36}},"201":{"start":{"line":202,"column":0},"end":{"line":202,"column":38}},"202":{"start":{"line":203,"column":0},"end":{"line":203,"column":43}},"203":{"start":{"line":204,"column":0},"end":{"line":204,"column":20}},"204":{"start":{"line":205,"column":0},"end":{"line":205,"column":12}},"206":{"start":{"line":207,"column":0},"end":{"line":207,"column":17}},"207":{"start":{"line":208,"column":0},"end":{"line":208,"column":59}},"208":{"start":{"line":209,"column":0},"end":{"line":209,"column":25}},"209":{"start":{"line":210,"column":0},"end":{"line":210,"column":32}},"210":{"start":{"line":211,"column":0},"end":{"line":211,"column":12}},"211":{"start":{"line":212,"column":0},"end":{"line":212,"column":41}},"212":{"start":{"line":213,"column":0},"end":{"line":213,"column":15}},"213":{"start":{"line":214,"column":0},"end":{"line":214,"column":37}},"214":{"start":{"line":215,"column":0},"end":{"line":215,"column":78}},"216":{"start":{"line":217,"column":0},"end":{"line":217,"column":21}},"217":{"start":{"line":218,"column":0},"end":{"line":218,"column":16}},"218":{"start":{"line":219,"column":0},"end":{"line":219,"column":16}},"219":{"start":{"line":220,"column":0},"end":{"line":220,"column":19}},"220":{"start":{"line":221,"column":0},"end":{"line":221,"column":13}},"221":{"start":{"line":222,"column":0},"end":{"line":222,"column":14}},"223":{"start":{"line":224,"column":0},"end":{"line":224,"column":2}},"225":{"start":{"line":226,"column":0},"end":{"line":226,"column":22}}},"s":{"0":1,"1":1,"3":1,"4":1,"5":1,"7":1,"8":1,"9":1,"11":1,"34":1,"35":2,"36":2,"37":14,"38":14,"39":2,"40":12,"41":14,"42":2,"43":2,"44":2,"46":1,"47":108,"48":108,"50":108,"51":108,"52":108,"53":108,"54":108,"55":108,"56":108,"57":108,"58":108,"59":108,"61":108,"62":90,"63":90,"64":90,"65":90,"66":90,"67":108,"69":108,"70":6,"72":6,"73":6,"74":6,"75":6,"76":6,"77":6,"78":6,"79":6,"80":6,"82":108,"83":2,"85":2,"86":2,"87":2,"89":1,"91":1,"92":1,"94":1,"95":2,"96":2,"97":0,"98":0,"99":0,"100":2,"102":108,"103":108,"104":108,"105":108,"106":108,"107":108,"108":108,"111":108,"112":108,"113":108,"114":108,"115":108,"116":108,"117":108,"118":108,"119":108,"120":108,"121":108,"122":108,"123":108,"124":108,"125":108,"126":108,"127":108,"128":108,"129":108,"130":108,"131":108,"132":108,"133":108,"134":108,"135":108,"136":108,"137":108,"138":108,"139":108,"140":108,"141":108,"142":108,"143":108,"144":108,"145":108,"146":108,"147":108,"148":108,"149":108,"150":108,"151":108,"152":108,"153":108,"154":108,"155":108,"156":108,"157":108,"158":108,"159":108,"160":108,"161":108,"162":108,"163":108,"164":108,"165":108,"166":108,"167":108,"168":108,"169":108,"170":108,"171":108,"172":108,"173":108,"174":108,"175":108,"176":108,"177":108,"178":108,"179":108,"180":108,"181":108,"182":108,"183":108,"184":108,"185":108,"186":108,"187":108,"188":108,"189":108,"190":108,"191":108,"192":108,"193":108,"194":108,"195":108,"196":108,"197":108,"198":108,"199":108,"200":108,"201":108,"202":108,"203":108,"204":108,"206":108,"207":108,"208":108,"209":108,"210":108,"211":108,"212":108,"213":108,"214":108,"216":108,"217":108,"218":108,"219":108,"220":108,"221":108,"223":108,"225":1},"branchMap":{"0":{"type":"branch","line":35,"loc":{"start":{"line":35,"column":17},"end":{"line":45,"column":2}},"locations":[{"start":{"line":35,"column":17},"end":{"line":45,"column":2}}]},"1":{"type":"branch","line":37,"loc":{"start":{"line":37,"column":31},"end":{"line":43,"column":3}},"locations":[{"start":{"line":37,"column":31},"end":{"line":43,"column":3}}]},"2":{"type":"branch","line":39,"loc":{"start":{"line":39,"column":16},"end":{"line":40,"column":57}},"locations":[{"start":{"line":39,"column":16},"end":{"line":40,"column":57}}]},"3":{"type":"branch","line":40,"loc":{"start":{"line":40,"column":56},"end":{"line":41,"column":43}},"locations":[{"start":{"line":40,"column":56},"end":{"line":41,"column":43}}]},"4":{"type":"branch","line":42,"loc":{"start":{"line":42,"column":15},"end":{"line":42,"column":57}},"locations":[{"start":{"line":42,"column":15},"end":{"line":42,"column":57}}]},"5":{"type":"branch","line":47,"loc":{"start":{"line":47,"column":25},"end":{"line":224,"column":2}},"locations":[{"start":{"line":47,"column":25},"end":{"line":224,"column":2}}]},"6":{"type":"branch","line":208,"loc":{"start":{"line":208,"column":19},"end":{"line":208,"column":49}},"locations":[{"start":{"line":208,"column":19},"end":{"line":208,"column":49}}]},"7":{"type":"branch","line":62,"loc":{"start":{"line":62,"column":35},"end":{"line":68,"column":5}},"locations":[{"start":{"line":62,"column":35},"end":{"line":68,"column":5}}]},"8":{"type":"branch","line":63,"loc":{"start":{"line":63,"column":12},"end":{"line":66,"column":6}},"locations":[{"start":{"line":63,"column":12},"end":{"line":66,"column":6}}]},"9":{"type":"branch","line":67,"loc":{"start":{"line":67,"column":14},"end":{"line":67,"column":75}},"locations":[{"start":{"line":67,"column":14},"end":{"line":67,"column":75}}]},"10":{"type":"branch","line":70,"loc":{"start":{"line":70,"column":26},"end":{"line":81,"column":4}},"locations":[{"start":{"line":70,"column":26},"end":{"line":81,"column":4}}]},"11":{"type":"branch","line":73,"loc":{"start":{"line":73,"column":12},"end":{"line":80,"column":5}},"locations":[{"start":{"line":73,"column":12},"end":{"line":80,"column":5}}]},"12":{"type":"branch","line":75,"loc":{"start":{"line":75,"column":16},"end":{"line":78,"column":8}},"locations":[{"start":{"line":75,"column":16},"end":{"line":78,"column":8}}]},"13":{"type":"branch","line":83,"loc":{"start":{"line":83,"column":23},"end":{"line":101,"column":4}},"locations":[{"start":{"line":83,"column":23},"end":{"line":101,"column":4}}]},"14":{"type":"branch","line":88,"loc":{"start":{"line":88,"column":43},"end":{"line":96,"column":58}},"locations":[{"start":{"line":88,"column":43},"end":{"line":96,"column":58}}]},"15":{"type":"branch","line":96,"loc":{"start":{"line":96,"column":27},"end":{"line":96,"column":58}},"locations":[{"start":{"line":96,"column":27},"end":{"line":96,"column":58}}]},"16":{"type":"branch","line":97,"loc":{"start":{"line":97,"column":4},"end":{"line":100,"column":5}},"locations":[{"start":{"line":97,"column":4},"end":{"line":100,"column":5}}]}},"b":{"0":[2],"1":[14],"2":[2],"3":[12],"4":[7],"5":[108],"6":[0],"7":[90],"8":[90],"9":[90],"10":[6],"11":[6],"12":[6],"13":[2],"14":[1],"15":[0],"16":[0]},"fnMap":{"0":{"name":"validate","decl":{"start":{"line":35,"column":17},"end":{"line":45,"column":2}},"loc":{"start":{"line":35,"column":17},"end":{"line":45,"column":2}},"line":35},"1":{"name":"Signup","decl":{"start":{"line":47,"column":25},"end":{"line":224,"column":2}},"loc":{"start":{"line":47,"column":25},"end":{"line":224,"column":2}},"line":47},"2":{"name":"handleInputBlur","decl":{"start":{"line":70,"column":26},"end":{"line":81,"column":4}},"loc":{"start":{"line":70,"column":26},"end":{"line":81,"column":4}},"line":70},"3":{"name":"handleSubmit","decl":{"start":{"line":83,"column":23},"end":{"line":101,"column":4}},"loc":{"start":{"line":83,"column":23},"end":{"line":101,"column":4}},"line":83},"4":{"name":"onClick","decl":{"start":{"line":215,"column":52},"end":{"line":215,"column":78}},"loc":{"start":{"line":215,"column":52},"end":{"line":215,"column":78}},"line":215}},"f":{"0":2,"1":108,"2":6,"3":2,"4":0}}
,"/Users/tj/Projects/projects/omnihealth-dashboard/src/assets/icons/iconLib.ts": {"path":"/Users/tj/Projects/projects/omnihealth-dashboard/src/assets/icons/iconLib.ts","all":true,"statementMap":{"363":{"start":{"line":364,"column":0},"end":{"line":364,"column":22}},"364":{"start":{"line":365,"column":0},"end":{"line":365,"column":12}},"365":{"start":{"line":366,"column":0},"end":{"line":366,"column":12}},"366":{"start":{"line":367,"column":0},"end":{"line":367,"column":1878}},"367":{"start":{"line":368,"column":0},"end":{"line":368,"column":12}},"368":{"start":{"line":369,"column":0},"end":{"line":369,"column":1907}},"369":{"start":{"line":370,"column":0},"end":{"line":370,"column":4}},"370":{"start":{"line":371,"column":0},"end":{"line":371,"column":11}},"371":{"start":{"line":372,"column":0},"end":{"line":372,"column":12}},"372":{"start":{"line":373,"column":0},"end":{"line":373,"column":1078}},"373":{"start":{"line":374,"column":0},"end":{"line":374,"column":12}},"374":{"start":{"line":375,"column":0},"end":{"line":375,"column":1138}},"375":{"start":{"line":376,"column":0},"end":{"line":376,"column":4}},"376":{"start":{"line":377,"column":0},"end":{"line":377,"column":11}},"377":{"start":{"line":378,"column":0},"end":{"line":378,"column":12}},"378":{"start":{"line":379,"column":0},"end":{"line":379,"column":1696}},"379":{"start":{"line":380,"column":0},"end":{"line":380,"column":12}},"380":{"start":{"line":381,"column":0},"end":{"line":381,"column":1706}},"381":{"start":{"line":382,"column":0},"end":{"line":382,"column":4}},"382":{"start":{"line":383,"column":0},"end":{"line":383,"column":18}},"383":{"start":{"line":384,"column":0},"end":{"line":384,"column":12}},"384":{"start":{"line":385,"column":0},"end":{"line":385,"column":583}},"385":{"start":{"line":386,"column":0},"end":{"line":386,"column":12}},"386":{"start":{"line":387,"column":0},"end":{"line":387,"column":507}},"387":{"start":{"line":388,"column":0},"end":{"line":388,"column":4}},"388":{"start":{"line":389,"column":0},"end":{"line":389,"column":8}},"389":{"start":{"line":390,"column":0},"end":{"line":390,"column":12}},"390":{"start":{"line":391,"column":0},"end":{"line":391,"column":288}},"391":{"start":{"line":392,"column":0},"end":{"line":392,"column":12}},"392":{"start":{"line":393,"column":0},"end":{"line":393,"column":221}},"393":{"start":{"line":394,"column":0},"end":{"line":394,"column":4}},"394":{"start":{"line":395,"column":0},"end":{"line":395,"column":10}},"395":{"start":{"line":396,"column":0},"end":{"line":396,"column":12}},"396":{"start":{"line":397,"column":0},"end":{"line":397,"column":1707}},"397":{"start":{"line":398,"column":0},"end":{"line":398,"column":12}},"398":{"start":{"line":399,"column":0},"end":{"line":399,"column":199}},"399":{"start":{"line":400,"column":0},"end":{"line":400,"column":4}},"400":{"start":{"line":401,"column":0},"end":{"line":401,"column":19}},"401":{"start":{"line":402,"column":0},"end":{"line":402,"column":12}},"402":{"start":{"line":403,"column":0},"end":{"line":403,"column":597}},"403":{"start":{"line":404,"column":0},"end":{"line":404,"column":12}},"404":{"start":{"line":405,"column":0},"end":{"line":405,"column":366}},"405":{"start":{"line":406,"column":0},"end":{"line":406,"column":4}},"406":{"start":{"line":407,"column":0},"end":{"line":407,"column":22}},"407":{"start":{"line":408,"column":0},"end":{"line":408,"column":67}},"410":{"start":{"line":411,"column":0},"end":{"line":411,"column":12}},"411":{"start":{"line":412,"column":0},"end":{"line":412,"column":371}},"412":{"start":{"line":413,"column":0},"end":{"line":413,"column":4}},"413":{"start":{"line":414,"column":0},"end":{"line":414,"column":17}},"414":{"start":{"line":415,"column":0},"end":{"line":415,"column":68}},"417":{"start":{"line":418,"column":0},"end":{"line":418,"column":68}},"420":{"start":{"line":421,"column":0},"end":{"line":421,"column":4}},"421":{"start":{"line":422,"column":0},"end":{"line":422,"column":16}},"422":{"start":{"line":423,"column":0},"end":{"line":423,"column":69}},"425":{"start":{"line":426,"column":0},"end":{"line":426,"column":12}},"426":{"start":{"line":427,"column":0},"end":{"line":427,"column":670}},"427":{"start":{"line":428,"column":0},"end":{"line":428,"column":4}},"428":{"start":{"line":429,"column":0},"end":{"line":429,"column":17}},"429":{"start":{"line":430,"column":0},"end":{"line":430,"column":12}},"430":{"start":{"line":431,"column":0},"end":{"line":431,"column":1041}},"431":{"start":{"line":432,"column":0},"end":{"line":432,"column":12}},"432":{"start":{"line":433,"column":0},"end":{"line":433,"column":517}},"433":{"start":{"line":434,"column":0},"end":{"line":434,"column":4}},"434":{"start":{"line":435,"column":0},"end":{"line":435,"column":17}},"435":{"start":{"line":436,"column":0},"end":{"line":436,"column":12}},"436":{"start":{"line":437,"column":0},"end":{"line":437,"column":1090}},"437":{"start":{"line":438,"column":0},"end":{"line":438,"column":12}},"438":{"start":{"line":439,"column":0},"end":{"line":439,"column":835}},"439":{"start":{"line":440,"column":0},"end":{"line":440,"column":4}},"440":{"start":{"line":441,"column":0},"end":{"line":441,"column":12}},"441":{"start":{"line":442,"column":0},"end":{"line":442,"column":12}},"442":{"start":{"line":443,"column":0},"end":{"line":443,"column":231}},"443":{"start":{"line":444,"column":0},"end":{"line":444,"column":12}},"444":{"start":{"line":445,"column":0},"end":{"line":445,"column":146}},"445":{"start":{"line":446,"column":0},"end":{"line":446,"column":4}},"446":{"start":{"line":447,"column":0},"end":{"line":447,"column":19}},"447":{"start":{"line":448,"column":0},"end":{"line":448,"column":12}},"448":{"start":{"line":449,"column":0},"end":{"line":449,"column":243}},"449":{"start":{"line":450,"column":0},"end":{"line":450,"column":12}},"450":{"start":{"line":451,"column":0},"end":{"line":451,"column":233}},"451":{"start":{"line":452,"column":0},"end":{"line":452,"column":4}},"452":{"start":{"line":453,"column":0},"end":{"line":453,"column":19}},"453":{"start":{"line":454,"column":0},"end":{"line":454,"column":12}},"454":{"start":{"line":455,"column":0},"end":{"line":455,"column":201}},"455":{"start":{"line":456,"column":0},"end":{"line":456,"column":12}},"456":{"start":{"line":457,"column":0},"end":{"line":457,"column":234}},"457":{"start":{"line":458,"column":0},"end":{"line":458,"column":4}},"458":{"start":{"line":459,"column":0},"end":{"line":459,"column":25}},"459":{"start":{"line":460,"column":0},"end":{"line":460,"column":12}},"460":{"start":{"line":461,"column":0},"end":{"line":461,"column":393}},"461":{"start":{"line":462,"column":0},"end":{"line":462,"column":12}},"462":{"start":{"line":463,"column":0},"end":{"line":463,"column":420}},"463":{"start":{"line":464,"column":0},"end":{"line":464,"column":4}},"464":{"start":{"line":465,"column":0},"end":{"line":465,"column":20}},"465":{"start":{"line":466,"column":0},"end":{"line":466,"column":12}},"466":{"start":{"line":467,"column":0},"end":{"line":467,"column":192}},"467":{"start":{"line":468,"column":0},"end":{"line":468,"column":12}},"468":{"start":{"line":469,"column":0},"end":{"line":469,"column":234}},"469":{"start":{"line":470,"column":0},"end":{"line":470,"column":4}},"470":{"start":{"line":471,"column":0},"end":{"line":471,"column":17}},"471":{"start":{"line":472,"column":0},"end":{"line":472,"column":12}},"472":{"start":{"line":473,"column":0},"end":{"line":473,"column":209}},"473":{"start":{"line":474,"column":0},"end":{"line":474,"column":12}},"474":{"start":{"line":475,"column":0},"end":{"line":475,"column":235}},"475":{"start":{"line":476,"column":0},"end":{"line":476,"column":4}},"476":{"start":{"line":477,"column":0},"end":{"line":477,"column":15}},"477":{"start":{"line":478,"column":0},"end":{"line":478,"column":12}},"478":{"start":{"line":479,"column":0},"end":{"line":479,"column":300}},"479":{"start":{"line":480,"column":0},"end":{"line":480,"column":12}},"480":{"start":{"line":481,"column":0},"end":{"line":481,"column":233}},"481":{"start":{"line":482,"column":0},"end":{"line":482,"column":4}},"482":{"start":{"line":483,"column":0},"end":{"line":483,"column":15}},"483":{"start":{"line":484,"column":0},"end":{"line":484,"column":12}},"484":{"start":{"line":485,"column":0},"end":{"line":485,"column":292}},"485":{"start":{"line":486,"column":0},"end":{"line":486,"column":12}},"486":{"start":{"line":487,"column":0},"end":{"line":487,"column":234}},"487":{"start":{"line":488,"column":0},"end":{"line":488,"column":4}},"488":{"start":{"line":489,"column":0},"end":{"line":489,"column":21}},"489":{"start":{"line":490,"column":0},"end":{"line":490,"column":12}},"490":{"start":{"line":491,"column":0},"end":{"line":491,"column":500}},"491":{"start":{"line":492,"column":0},"end":{"line":492,"column":12}},"492":{"start":{"line":493,"column":0},"end":{"line":493,"column":420}},"493":{"start":{"line":494,"column":0},"end":{"line":494,"column":4}},"494":{"start":{"line":495,"column":0},"end":{"line":495,"column":16}},"495":{"start":{"line":496,"column":0},"end":{"line":496,"column":12}},"496":{"start":{"line":497,"column":0},"end":{"line":497,"column":343}},"497":{"start":{"line":498,"column":0},"end":{"line":498,"column":12}},"498":{"start":{"line":499,"column":0},"end":{"line":499,"column":234}},"499":{"start":{"line":500,"column":0},"end":{"line":500,"column":4}},"500":{"start":{"line":501,"column":0},"end":{"line":501,"column":13}},"501":{"start":{"line":502,"column":0},"end":{"line":502,"column":12}},"502":{"start":{"line":503,"column":0},"end":{"line":503,"column":282}},"503":{"start":{"line":504,"column":0},"end":{"line":504,"column":12}},"504":{"start":{"line":505,"column":0},"end":{"line":505,"column":235}},"505":{"start":{"line":506,"column":0},"end":{"line":506,"column":4}},"506":{"start":{"line":507,"column":0},"end":{"line":507,"column":15}},"507":{"start":{"line":508,"column":0},"end":{"line":508,"column":12}},"508":{"start":{"line":509,"column":0},"end":{"line":509,"column":249}},"509":{"start":{"line":510,"column":0},"end":{"line":510,"column":12}},"510":{"start":{"line":511,"column":0},"end":{"line":511,"column":247}},"511":{"start":{"line":512,"column":0},"end":{"line":512,"column":4}},"512":{"start":{"line":513,"column":0},"end":{"line":513,"column":19}},"513":{"start":{"line":514,"column":0},"end":{"line":514,"column":12}},"514":{"start":{"line":515,"column":0},"end":{"line":515,"column":455}},"515":{"start":{"line":516,"column":0},"end":{"line":516,"column":12}},"516":{"start":{"line":517,"column":0},"end":{"line":517,"column":457}},"517":{"start":{"line":518,"column":0},"end":{"line":518,"column":4}},"518":{"start":{"line":519,"column":0},"end":{"line":519,"column":8}},"519":{"start":{"line":520,"column":0},"end":{"line":520,"column":12}},"520":{"start":{"line":521,"column":0},"end":{"line":521,"column":282}},"521":{"start":{"line":522,"column":0},"end":{"line":522,"column":12}},"522":{"start":{"line":523,"column":0},"end":{"line":523,"column":278}},"523":{"start":{"line":524,"column":0},"end":{"line":524,"column":4}},"524":{"start":{"line":525,"column":0},"end":{"line":525,"column":11}},"525":{"start":{"line":526,"column":0},"end":{"line":526,"column":12}},"526":{"start":{"line":527,"column":0},"end":{"line":527,"column":267}},"527":{"start":{"line":528,"column":0},"end":{"line":528,"column":12}},"528":{"start":{"line":529,"column":0},"end":{"line":529,"column":237}},"529":{"start":{"line":530,"column":0},"end":{"line":530,"column":4}},"530":{"start":{"line":531,"column":0},"end":{"line":531,"column":8}},"531":{"start":{"line":532,"column":0},"end":{"line":532,"column":12}},"532":{"start":{"line":533,"column":0},"end":{"line":533,"column":733}},"533":{"start":{"line":534,"column":0},"end":{"line":534,"column":12}},"534":{"start":{"line":535,"column":0},"end":{"line":535,"column":487}},"535":{"start":{"line":536,"column":0},"end":{"line":536,"column":4}},"536":{"start":{"line":537,"column":0},"end":{"line":537,"column":19}},"537":{"start":{"line":538,"column":0},"end":{"line":538,"column":12}},"538":{"start":{"line":539,"column":0},"end":{"line":539,"column":2411}},"539":{"start":{"line":540,"column":0},"end":{"line":540,"column":12}},"540":{"start":{"line":541,"column":0},"end":{"line":541,"column":2145}},"541":{"start":{"line":542,"column":0},"end":{"line":542,"column":4}},"542":{"start":{"line":543,"column":0},"end":{"line":543,"column":9}},"543":{"start":{"line":544,"column":0},"end":{"line":544,"column":12}},"544":{"start":{"line":545,"column":0},"end":{"line":545,"column":1121}},"545":{"start":{"line":546,"column":0},"end":{"line":546,"column":12}},"546":{"start":{"line":547,"column":0},"end":{"line":547,"column":854}},"547":{"start":{"line":548,"column":0},"end":{"line":548,"column":4}},"548":{"start":{"line":549,"column":0},"end":{"line":549,"column":14}},"549":{"start":{"line":550,"column":0},"end":{"line":550,"column":12}},"550":{"start":{"line":551,"column":0},"end":{"line":551,"column":443}},"551":{"start":{"line":552,"column":0},"end":{"line":552,"column":12}},"552":{"start":{"line":553,"column":0},"end":{"line":553,"column":483}},"553":{"start":{"line":554,"column":0},"end":{"line":554,"column":4}},"554":{"start":{"line":555,"column":0},"end":{"line":555,"column":13}},"555":{"start":{"line":556,"column":0},"end":{"line":556,"column":12}},"556":{"start":{"line":557,"column":0},"end":{"line":557,"column":1212}},"557":{"start":{"line":558,"column":0},"end":{"line":558,"column":12}},"558":{"start":{"line":559,"column":0},"end":{"line":559,"column":787}},"559":{"start":{"line":560,"column":0},"end":{"line":560,"column":4}},"560":{"start":{"line":561,"column":0},"end":{"line":561,"column":16}},"561":{"start":{"line":562,"column":0},"end":{"line":562,"column":12}},"562":{"start":{"line":563,"column":0},"end":{"line":563,"column":306}},"563":{"start":{"line":564,"column":0},"end":{"line":564,"column":12}},"564":{"start":{"line":565,"column":0},"end":{"line":565,"column":366}},"565":{"start":{"line":566,"column":0},"end":{"line":566,"column":4}},"566":{"start":{"line":567,"column":0},"end":{"line":567,"column":9}},"567":{"start":{"line":568,"column":0},"end":{"line":568,"column":12}},"568":{"start":{"line":569,"column":0},"end":{"line":569,"column":1757}},"569":{"start":{"line":570,"column":0},"end":{"line":570,"column":12}},"570":{"start":{"line":571,"column":0},"end":{"line":571,"column":1712}},"571":{"start":{"line":572,"column":0},"end":{"line":572,"column":4}},"572":{"start":{"line":573,"column":0},"end":{"line":573,"column":13}},"573":{"start":{"line":574,"column":0},"end":{"line":574,"column":12}},"574":{"start":{"line":575,"column":0},"end":{"line":575,"column":275}},"575":{"start":{"line":576,"column":0},"end":{"line":576,"column":12}},"576":{"start":{"line":577,"column":0},"end":{"line":577,"column":260}},"577":{"start":{"line":578,"column":0},"end":{"line":578,"column":4}},"578":{"start":{"line":579,"column":0},"end":{"line":579,"column":22}},"579":{"start":{"line":580,"column":0},"end":{"line":580,"column":12}},"580":{"start":{"line":581,"column":0},"end":{"line":581,"column":404}},"581":{"start":{"line":582,"column":0},"end":{"line":582,"column":12}},"582":{"start":{"line":583,"column":0},"end":{"line":583,"column":376}},"583":{"start":{"line":584,"column":0},"end":{"line":584,"column":4}},"584":{"start":{"line":585,"column":0},"end":{"line":585,"column":23}},"585":{"start":{"line":586,"column":0},"end":{"line":586,"column":12}},"586":{"start":{"line":587,"column":0},"end":{"line":587,"column":382}},"587":{"start":{"line":588,"column":0},"end":{"line":588,"column":12}},"588":{"start":{"line":589,"column":0},"end":{"line":589,"column":355}},"589":{"start":{"line":590,"column":0},"end":{"line":590,"column":4}},"590":{"start":{"line":591,"column":0},"end":{"line":591,"column":26}},"591":{"start":{"line":592,"column":0},"end":{"line":592,"column":12}},"592":{"start":{"line":593,"column":0},"end":{"line":593,"column":1101}},"593":{"start":{"line":594,"column":0},"end":{"line":594,"column":12}},"594":{"start":{"line":595,"column":0},"end":{"line":595,"column":1078}},"595":{"start":{"line":596,"column":0},"end":{"line":596,"column":4}},"596":{"start":{"line":597,"column":0},"end":{"line":597,"column":30}},"597":{"start":{"line":598,"column":0},"end":{"line":598,"column":12}},"598":{"start":{"line":599,"column":0},"end":{"line":599,"column":947}},"599":{"start":{"line":600,"column":0},"end":{"line":600,"column":12}},"600":{"start":{"line":601,"column":0},"end":{"line":601,"column":885}},"601":{"start":{"line":602,"column":0},"end":{"line":602,"column":4}},"602":{"start":{"line":603,"column":0},"end":{"line":603,"column":26}},"603":{"start":{"line":604,"column":0},"end":{"line":604,"column":12}},"604":{"start":{"line":605,"column":0},"end":{"line":605,"column":940}},"605":{"start":{"line":606,"column":0},"end":{"line":606,"column":12}},"606":{"start":{"line":607,"column":0},"end":{"line":607,"column":957}},"607":{"start":{"line":608,"column":0},"end":{"line":608,"column":4}},"608":{"start":{"line":609,"column":0},"end":{"line":609,"column":14}},"609":{"start":{"line":610,"column":0},"end":{"line":610,"column":12}},"610":{"start":{"line":611,"column":0},"end":{"line":611,"column":3481}},"611":{"start":{"line":612,"column":0},"end":{"line":612,"column":12}},"612":{"start":{"line":613,"column":0},"end":{"line":613,"column":3002}},"613":{"start":{"line":614,"column":0},"end":{"line":614,"column":4}},"614":{"start":{"line":615,"column":0},"end":{"line":615,"column":17}},"615":{"start":{"line":616,"column":0},"end":{"line":616,"column":12}},"616":{"start":{"line":617,"column":0},"end":{"line":617,"column":1630}},"617":{"start":{"line":618,"column":0},"end":{"line":618,"column":12}},"618":{"start":{"line":619,"column":0},"end":{"line":619,"column":1185}},"619":{"start":{"line":620,"column":0},"end":{"line":620,"column":4}},"620":{"start":{"line":621,"column":0},"end":{"line":621,"column":9}},"621":{"start":{"line":622,"column":0},"end":{"line":622,"column":12}},"622":{"start":{"line":623,"column":0},"end":{"line":623,"column":445}},"623":{"start":{"line":624,"column":0},"end":{"line":624,"column":12}},"624":{"start":{"line":625,"column":0},"end":{"line":625,"column":226}},"625":{"start":{"line":626,"column":0},"end":{"line":626,"column":4}},"626":{"start":{"line":627,"column":0},"end":{"line":627,"column":17}},"627":{"start":{"line":628,"column":0},"end":{"line":628,"column":12}},"628":{"start":{"line":629,"column":0},"end":{"line":629,"column":675}},"629":{"start":{"line":630,"column":0},"end":{"line":630,"column":12}},"630":{"start":{"line":631,"column":0},"end":{"line":631,"column":405}},"631":{"start":{"line":632,"column":0},"end":{"line":632,"column":4}},"632":{"start":{"line":633,"column":0},"end":{"line":633,"column":16}},"633":{"start":{"line":634,"column":0},"end":{"line":634,"column":12}},"634":{"start":{"line":635,"column":0},"end":{"line":635,"column":584}},"635":{"start":{"line":636,"column":0},"end":{"line":636,"column":12}},"636":{"start":{"line":637,"column":0},"end":{"line":637,"column":341}},"637":{"start":{"line":638,"column":0},"end":{"line":638,"column":4}},"638":{"start":{"line":639,"column":0},"end":{"line":639,"column":17}},"639":{"start":{"line":640,"column":0},"end":{"line":640,"column":12}},"640":{"start":{"line":641,"column":0},"end":{"line":641,"column":166}},"641":{"start":{"line":642,"column":0},"end":{"line":642,"column":4}},"642":{"start":{"line":643,"column":0},"end":{"line":643,"column":21}},"643":{"start":{"line":644,"column":0},"end":{"line":644,"column":12}},"644":{"start":{"line":645,"column":0},"end":{"line":645,"column":179}},"645":{"start":{"line":646,"column":0},"end":{"line":646,"column":4}},"646":{"start":{"line":647,"column":0},"end":{"line":647,"column":28}},"647":{"start":{"line":648,"column":0},"end":{"line":648,"column":12}},"648":{"start":{"line":649,"column":0},"end":{"line":649,"column":457}},"649":{"start":{"line":650,"column":0},"end":{"line":650,"column":4}},"650":{"start":{"line":651,"column":0},"end":{"line":651,"column":29}},"651":{"start":{"line":652,"column":0},"end":{"line":652,"column":12}},"652":{"start":{"line":653,"column":0},"end":{"line":653,"column":200}},"653":{"start":{"line":654,"column":0},"end":{"line":654,"column":4}},"654":{"start":{"line":655,"column":0},"end":{"line":655,"column":17}},"655":{"start":{"line":656,"column":0},"end":{"line":656,"column":12}},"656":{"start":{"line":657,"column":0},"end":{"line":657,"column":211}},"657":{"start":{"line":658,"column":0},"end":{"line":658,"column":4}},"658":{"start":{"line":659,"column":0},"end":{"line":659,"column":24}},"659":{"start":{"line":660,"column":0},"end":{"line":660,"column":12}},"660":{"start":{"line":661,"column":0},"end":{"line":661,"column":80}},"661":{"start":{"line":662,"column":0},"end":{"line":662,"column":4}},"662":{"start":{"line":663,"column":0},"end":{"line":663,"column":21}},"663":{"start":{"line":664,"column":0},"end":{"line":664,"column":12}},"664":{"start":{"line":665,"column":0},"end":{"line":665,"column":214}},"665":{"start":{"line":666,"column":0},"end":{"line":666,"column":4}},"666":{"start":{"line":667,"column":0},"end":{"line":667,"column":18}},"667":{"start":{"line":668,"column":0},"end":{"line":668,"column":12}},"668":{"start":{"line":669,"column":0},"end":{"line":669,"column":213}},"669":{"start":{"line":670,"column":0},"end":{"line":670,"column":4}},"670":{"start":{"line":671,"column":0},"end":{"line":671,"column":25}},"671":{"start":{"line":672,"column":0},"end":{"line":672,"column":12}},"672":{"start":{"line":673,"column":0},"end":{"line":673,"column":79}},"673":{"start":{"line":674,"column":0},"end":{"line":674,"column":4}},"674":{"start":{"line":675,"column":0},"end":{"line":675,"column":22}},"675":{"start":{"line":676,"column":0},"end":{"line":676,"column":12}},"676":{"start":{"line":677,"column":0},"end":{"line":677,"column":228}},"677":{"start":{"line":678,"column":0},"end":{"line":678,"column":4}},"678":{"start":{"line":679,"column":0},"end":{"line":679,"column":15}},"679":{"start":{"line":680,"column":0},"end":{"line":680,"column":12}},"680":{"start":{"line":681,"column":0},"end":{"line":681,"column":212}},"681":{"start":{"line":682,"column":0},"end":{"line":682,"column":4}},"682":{"start":{"line":683,"column":0},"end":{"line":683,"column":19}},"683":{"start":{"line":684,"column":0},"end":{"line":684,"column":12}},"684":{"start":{"line":685,"column":0},"end":{"line":685,"column":218}},"685":{"start":{"line":686,"column":0},"end":{"line":686,"column":4}},"686":{"start":{"line":687,"column":0},"end":{"line":687,"column":26}},"687":{"start":{"line":688,"column":0},"end":{"line":688,"column":12}},"688":{"start":{"line":689,"column":0},"end":{"line":689,"column":516}},"689":{"start":{"line":690,"column":0},"end":{"line":690,"column":4}},"690":{"start":{"line":691,"column":0},"end":{"line":691,"column":27}},"691":{"start":{"line":692,"column":0},"end":{"line":692,"column":12}},"692":{"start":{"line":693,"column":0},"end":{"line":693,"column":224}},"693":{"start":{"line":694,"column":0},"end":{"line":694,"column":4}},"694":{"start":{"line":695,"column":0},"end":{"line":695,"column":14}},"695":{"start":{"line":696,"column":0},"end":{"line":696,"column":12}},"696":{"start":{"line":697,"column":0},"end":{"line":697,"column":464}},"697":{"start":{"line":698,"column":0},"end":{"line":698,"column":12}},"698":{"start":{"line":699,"column":0},"end":{"line":699,"column":335}},"699":{"start":{"line":700,"column":0},"end":{"line":700,"column":4}},"700":{"start":{"line":701,"column":0},"end":{"line":701,"column":19}},"701":{"start":{"line":702,"column":0},"end":{"line":702,"column":12}},"702":{"st
[...]
,"/Users/tj/Projects/projects/omnihealth-dashboard/src/redux/apis/careTeamApi.ts": {"path":"/Users/tj/Projects/projects/omnihealth-dashboard/src/redux/apis/careTeamApi.ts","all":false,"statementMap":{"0":{"start":{"line":1,"column":0},"end":{"line":1,"column":73}},"23":{"start":{"line":24,"column":0},"end":{"line":24,"column":38}},"24":{"start":{"line":25,"column":0},"end":{"line":25,"column":29}},"25":{"start":{"line":26,"column":0},"end":{"line":26,"column":29}},"26":{"start":{"line":27,"column":0},"end":{"line":27,"column":74}},"27":{"start":{"line":28,"column":0},"end":{"line":28,"column":5}},"28":{"start":{"line":29,"column":0},"end":{"line":29,"column":28}},"29":{"start":{"line":30,"column":0},"end":{"line":30,"column":77}},"30":{"start":{"line":31,"column":0},"end":{"line":31,"column":28}},"31":{"start":{"line":32,"column":0},"end":{"line":32,"column":36}},"32":{"start":{"line":33,"column":0},"end":{"line":33,"column":23}},"33":{"start":{"line":34,"column":0},"end":{"line":34,"column":22}},"34":{"start":{"line":35,"column":0},"end":{"line":35,"column":9}},"35":{"start":{"line":36,"column":0},"end":{"line":36,"column":7}},"36":{"start":{"line":37,"column":0},"end":{"line":37,"column":36}},"39":{"start":{"line":40,"column":0},"end":{"line":40,"column":7}},"40":{"start":{"line":41,"column":0},"end":{"line":41,"column":32}},"41":{"start":{"line":42,"column":0},"end":{"line":42,"column":35}},"42":{"start":{"line":43,"column":0},"end":{"line":43,"column":23}},"43":{"start":{"line":44,"column":0},"end":{"line":44,"column":26}},"44":{"start":{"line":45,"column":0},"end":{"line":45,"column":9}},"45":{"start":{"line":46,"column":0},"end":{"line":46,"column":7}},"46":{"start":{"line":47,"column":0},"end":{"line":47,"column":63}},"47":{"start":{"line":48,"column":0},"end":{"line":48,"column":35}},"48":{"start":{"line":49,"column":0},"end":{"line":49,"column":7}},"49":{"start":{"line":50,"column":0},"end":{"line":50,"column":5}},"50":{"start":{"line":51,"column":0},"end":{"line":51,"column":3}},"52":{"start":{"line":53,"column":0},"end":{"line":53,"column":14}},"53":{"start":{"line":54,"column":0},"end":{"line":54,"column":28}},"54":{"start":{"line":55,"column":0},"end":{"line":55,"column":27}},"55":{"start":{"line":56,"column":0},"end":{"line":56,"column":29}},"56":{"start":{"line":57,"column":0},"end":{"line":57,"column":16}}},"s":{"0":1,"23":1,"24":1,"25":1,"26":1,"27":1,"28":1,"29":3,"30":3,"31":0,"32":0,"33":0,"34":0,"35":3,"36":3,"39":3,"40":3,"41":0,"42":0,"43":0,"44":0,"45":3,"46":3,"47":3,"48":3,"49":3,"50":1,"52":1,"53":1,"54":1,"55":1,"56":1},"branchMap":{"0":{"type":"branch","line":29,"loc":{"start":{"line":29,"column":13},"end":{"line":50,"column":5}},"locations":[{"start":{"line":29,"column":13},"end":{"line":50,"column":5}}]}},"b":{"0":[3]},"fnMap":{"0":{"name":"endpoints","decl":{"start":{"line":29,"column":13},"end":{"line":50,"column":5}},"loc":{"start":{"line":29,"column":13},"end":{"line":50,"column":5}},"line":29},"1":{"name":"query","decl":{"start":{"line":31,"column":13},"end":{"line":35,"column":9}},"loc":{"start":{"line":31,"column":13},"end":{"line":35,"column":9}},"line":31},"2":{"name":"query","decl":{"start":{"line":41,"column":13},"end":{"line":45,"column":9}},"loc":{"start":{"line":41,"column":13},"end":{"line":45,"column":9}},"line":41},"3":{"name":"query","decl":{"start":{"line":48,"column":13},"end":{"line":48,"column":35}},"loc":{"start":{"line":48,"column":13},"end":{"line":48,"column":35}},"line":48}},"f":{"0":3,"1":0,"2":0,"3":0}}
,"/Users/tj/Projects/projects/omnihealth-dashboard/src/redux/apis/messagesApi.ts": {"path":"/Users/tj/Projects/projects/omnihealth-dashboard/src/redux/apis/messagesApi.ts","all":true,"statementMap":{"0":{"start":{"line":1,"column":0},"end":{"line":1,"column":73}},"9":{"start":{"line":10,"column":0},"end":{"line":10,"column":38}},"10":{"start":{"line":11,"column":0},"end":{"line":11,"column":29}},"11":{"start":{"line":12,"column":0},"end":{"line":12,"column":29}},"12":{"start":{"line":13,"column":0},"end":{"line":13,"column":74}},"13":{"start":{"line":14,"column":0},"end":{"line":14,"column":5}},"14":{"start":{"line":15,"column":0},"end":{"line":15,"column":25}},"15":{"start":{"line":16,"column":0},"end":{"line":16,"column":28}},"16":{"start":{"line":17,"column":0},"end":{"line":17,"column":59}},"17":{"start":{"line":18,"column":0},"end":{"line":18,"column":51}},"18":{"start":{"line":19,"column":0},"end":{"line":19,"column":38}},"19":{"start":{"line":20,"column":0},"end":{"line":20,"column":57}},"20":{"start":{"line":21,"column":0},"end":{"line":21,"column":7}},"21":{"start":{"line":22,"column":0},"end":{"line":22,"column":50}},"22":{"start":{"line":23,"column":0},"end":{"line":23,"column":43}},"23":{"start":{"line":24,"column":0},"end":{"line":24,"column":33}},"24":{"start":{"line":25,"column":0},"end":{"line":25,"column":23}},"25":{"start":{"line":26,"column":0},"end":{"line":26,"column":37}},"26":{"start":{"line":27,"column":0},"end":{"line":27,"column":9}},"27":{"start":{"line":28,"column":0},"end":{"line":28,"column":38}},"28":{"start":{"line":29,"column":0},"end":{"line":29,"column":58}},"29":{"start":{"line":30,"column":0},"end":{"line":30,"column":7}},"30":{"start":{"line":31,"column":0},"end":{"line":31,"column":5}},"31":{"start":{"line":32,"column":0},"end":{"line":32,"column":3}},"33":{"start":{"line":34,"column":0},"end":{"line":34,"column":79}}},"s":{"0":0,"9":0,"10":0,"11":0,"12":0,"13":0,"14":0,"15":0,"16":0,"17":0,"18":0,"19":0,"20":0,"21":0,"22":0,"23":0,"24":0,"25":0,"26":0,"27":0,"28":0,"29":0,"30":0,"31":0,"33":0},"branchMap":{"0":{"type":"branch","line":1,"loc":{"start":{"line":1,"column":1045},"end":{"line":34,"column":79}},"locations":[{"start":{"line":1,"column":1045},"end":{"line":34,"column":79}}]}},"b":{"0":[0]},"fnMap":{"0":{"name":"(empty-report)","decl":{"start":{"line":1,"column":1045},"end":{"line":34,"column":79}},"loc":{"start":{"line":1,"column":1045},"end":{"line":34,"column":79}},"line":1}},"f":{"0":0}}
,"/Users/tj/Projects/projects/omnihealth-dashboard/src/redux/apis/surveysApi.ts": {"path":"/Users/tj/Projects/projects/omnihealth-dashboard/src/redux/apis/surveysApi.ts","all":true,"statementMap":{"0":{"start":{"line":1,"column":0},"end":{"line":1,"column":73}},"3":{"start":{"line":4,"column":0},"end":{"line":4,"column":36}},"4":{"start":{"line":5,"column":0},"end":{"line":5,"column":27}},"5":{"start":{"line":6,"column":0},"end":{"line":6,"column":29}},"6":{"start":{"line":7,"column":0},"end":{"line":7,"column":74}},"7":{"start":{"line":8,"column":0},"end":{"line":8,"column":5}},"8":{"start":{"line":9,"column":0},"end":{"line":9,"column":24}},"9":{"start":{"line":10,"column":0},"end":{"line":10,"column":28}},"10":{"start":{"line":11,"column":0},"end":{"line":11,"column":55}},"11":{"start":{"line":12,"column":0},"end":{"line":12,"column":34}},"12":{"start":{"line":13,"column":0},"end":{"line":13,"column":32}},"13":{"start":{"line":14,"column":0},"end":{"line":14,"column":7}},"14":{"start":{"line":15,"column":0},"end":{"line":15,"column":5}},"15":{"start":{"line":16,"column":0},"end":{"line":16,"column":3}},"17":{"start":{"line":18,"column":0},"end":{"line":18,"column":51}}},"s":{"0":0,"3":0,"4":0,"5":0,"6":0,"7":0,"8":0,"9":0,"10":0,"11":0,"12":0,"13":0,"14":0,"15":0,"17":0},"branchMap":{"0":{"type":"branch","line":1,"loc":{"start":{"line":1,"column":547},"end":{"line":18,"column":51}},"locations":[{"start":{"line":1,"column":547},"end":{"line":18,"column":51}}]}},"b":{"0":[0]},"fnMap":{"0":{"name":"(empty-report)","decl":{"start":{"line":1,"column":547},"end":{"line":18,"column":51}},"loc":{"start":{"line":1,"column":547},"end":{"line":18,"column":51}},"line":1}},"f":{"0":0}}
,"/Users/tj/Projects/projects/omnihealth-dashboard/src/redux/apis/usersApi.ts": {"path":"/Users/tj/Projects/projects/omnihealth-dashboard/src/redux/apis/usersApi.ts","all":true,"statementMap":{"0":{"start":{"line":1,"column":0},"end":{"line":1,"column":73}},"3":{"start":{"line":4,"column":0},"end":{"line":4,"column":35}},"4":{"start":{"line":5,"column":0},"end":{"line":5,"column":26}},"5":{"start":{"line":6,"column":0},"end":{"line":6,"column":29}},"6":{"start":{"line":7,"column":0},"end":{"line":7,"column":74}},"7":{"start":{"line":8,"column":0},"end":{"line":8,"column":5}},"8":{"start":{"line":9,"column":0},"end":{"line":9,"column":22}},"9":{"start":{"line":10,"column":0},"end":{"line":10,"column":28}},"10":{"start":{"line":11,"column":0},"end":{"line":11,"column":43}},"11":{"start":{"line":12,"column":0},"end":{"line":12,"column":32}},"12":{"start":{"line":13,"column":0},"end":{"line":13,"column":30}},"13":{"start":{"line":14,"column":0},"end":{"line":14,"column":7}},"14":{"start":{"line":15,"column":0},"end":{"line":15,"column":47}},"15":{"start":{"line":16,"column":0},"end":{"line":16,"column":35}},"16":{"start":{"line":17,"column":0},"end":{"line":17,"column":30}},"17":{"start":{"line":18,"column":0},"end":{"line":18,"column":7}},"18":{"start":{"line":19,"column":0},"end":{"line":19,"column":74}},"19":{"start":{"line":20,"column":0},"end":{"line":20,"column":25}},"20":{"start":{"line":21,"column":0},"end":{"line":21,"column":38}},"21":{"start":{"line":22,"column":0},"end":{"line":22,"column":23}},"22":{"start":{"line":23,"column":0},"end":{"line":23,"column":13}},"23":{"start":{"line":24,"column":0},"end":{"line":24,"column":9}},"24":{"start":{"line":25,"column":0},"end":{"line":25,"column":33}},"25":{"start":{"line":26,"column":0},"end":{"line":26,"column":7}},"26":{"start":{"line":27,"column":0},"end":{"line":27,"column":5}},"27":{"start":{"line":28,"column":0},"end":{"line":28,"column":3}},"29":{"start":{"line":30,"column":0},"end":{"line":30,"column":78}},"30":{"start":{"line":31,"column":0},"end":{"line":31,"column":11}}},"s":{"0":0,"3":0,"4":0,"5":0,"6":0,"7":0,"8":0,"9":0,"10":0,"11":0,"12":0,"13":0,"14":0,"15":0,"16":0,"17":0,"18":0,"19":0,"20":0,"21":0,"22":0,"23":0,"24":0,"25":0,"26":0,"27":0,"29":0,"30":0},"branchMap":{"0":{"type":"branch","line":1,"loc":{"start":{"line":1,"column":912},"end":{"line":31,"column":11}},"locations":[{"start":{"line":1,"column":912},"end":{"line":31,"column":11}}]}},"b":{"0":[0]},"fnMap":{"0":{"name":"(empty-report)","decl":{"start":{"line":1,"column":912},"end":{"line":31,"column":11}},"loc":{"start":{"line":1,"column":912},"end":{"line":31,"column":11}},"line":1}},"f":{"0":0}}
,"/Users/tj/Projects/projects/omnihealth-dashboard/src/redux/slices/authSlice.ts": {"path":"/Users/tj/Projects/projects/omnihealth-dashboard/src/redux/slices/authSlice.ts","all":false,"statementMap":{"0":{"start":{"line":1,"column":0},"end":{"line":1,"column":67}},"10":{"start":{"line":11,"column":0},"end":{"line":11,"column":60}},"12":{"start":{"line":13,"column":0},"end":{"line":13,"column":33}},"13":{"start":{"line":14,"column":0},"end":{"line":14,"column":34}},"14":{"start":{"line":15,"column":0},"end":{"line":15,"column":65}},"15":{"start":{"line":16,"column":0},"end":{"line":16,"column":17}},"16":{"start":{"line":17,"column":0},"end":{"line":17,"column":2}},"18":{"start":{"line":19,"column":0},"end":{"line":19,"column":57}},"19":{"start":{"line":20,"column":0},"end":{"line":20,"column":58}},"20":{"start":{"line":21,"column":0},"end":{"line":21,"column":41}},"21":{"start":{"line":22,"column":0},"end":{"line":22,"column":51}},"22":{"start":{"line":23,"column":0},"end":{"line":23,"column":34}},"23":{"start":{"line":24,"column":0},"end":{"line":24,"column":57}},"24":{"start":{"line":25,"column":0},"end":{"line":25,"column":40}},"26":{"start":{"line":27,"column":0},"end":{"line":27,"column":31}},"27":{"start":{"line":28,"column":0},"end":{"line":28,"column":15}},"28":{"start":{"line":29,"column":0},"end":{"line":29,"column":15}},"29":{"start":{"line":30,"column":0},"end":{"line":30,"column":13}},"30":{"start":{"line":31,"column":0},"end":{"line":31,"column":62}},"31":{"start":{"line":32,"column":0},"end":{"line":32,"column":35}},"32":{"start":{"line":33,"column":0},"end":{"line":33,"column":44}},"33":{"start":{"line":34,"column":0},"end":{"line":34,"column":77}},"34":{"start":{"line":35,"column":0},"end":{"line":35,"column":6}},"35":{"start":{"line":36,"column":0},"end":{"line":36,"column":19}},"36":{"start":{"line":37,"column":0},"end":{"line":37,"column":36}},"37":{"start":{"line":38,"column":0},"end":{"line":38,"column":34}},"38":{"start":{"line":39,"column":0},"end":{"line":39,"column":48}},"39":{"start":{"line":40,"column":0},"end":{"line":40,"column":6}},"40":{"start":{"line":41,"column":0},"end":{"line":41,"column":60}},"41":{"start":{"line":42,"column":0},"end":{"line":42,"column":38}},"42":{"start":{"line":43,"column":0},"end":{"line":43,"column":6}},"43":{"start":{"line":44,"column":0},"end":{"line":44,"column":31}},"44":{"start":{"line":45,"column":0},"end":{"line":45,"column":28}},"45":{"start":{"line":46,"column":0},"end":{"line":46,"column":6}},"46":{"start":{"line":47,"column":0},"end":{"line":47,"column":4}},"47":{"start":{"line":48,"column":0},"end":{"line":48,"column":3}},"49":{"start":{"line":50,"column":0},"end":{"line":50,"column":79}},"51":{"start":{"line":52,"column":0},"end":{"line":52,"column":33}}},"s":{"0":1,"10":1,"12":1,"13":1,"14":1,"15":1,"16":1,"18":1,"19":1,"20":14,"21":1,"22":14,"23":1,"24":0,"26":1,"27":1,"28":1,"29":1,"30":1,"31":1,"32":1,"33":1,"34":1,"35":1,"36":0,"37":0,"38":0,"39":0,"40":1,"41":0,"42":0,"43":1,"44":1,"45":1,"46":1,"47":1,"49":1,"51":1},"branchMap":{"0":{"type":"branch","line":15,"loc":{"start":{"line":15,"column":18},"end":{"line":15,"column":60}},"locations":[{"start":{"line":15,"column":18},"end":{"line":15,"column":60}}]},"1":{"type":"branch","line":19,"loc":{"start":{"line":19,"column":24},"end":{"line":19,"column":57}},"locations":[{"start":{"line":19,"column":24},"end":{"line":19,"column":57}}]},"2":{"type":"branch","line":20,"loc":{"start":{"line":20,"column":37},"end":{"line":21,"column":41}},"locations":[{"start":{"line":20,"column":37},"end":{"line":21,"column":41}}]},"3":{"type":"branch","line":22,"loc":{"start":{"line":22,"column":30},"end":{"line":23,"column":34}},"locations":[{"start":{"line":22,"column":30},"end":{"line":23,"column":34}}]},"4":{"type":"branch","line":31,"loc":{"start":{"line":31,"column":11},"end":{"line":35,"column":6}},"locations":[{"start":{"line":31,"column":11},"end":{"line":35,"column":6}}]},"5":{"type":"branch","line":44,"loc":{"start":{"line":44,"column":19},"end":{"line":46,"column":6}},"locations":[{"start":{"line":44,"column":19},"end":{"line":46,"column":6}}]}},"b":{"0":[0],"1":[28],"2":[14],"3":[14],"4":[1],"5":[1]},"fnMap":{"0":{"name":"selectAuthState","decl":{"start":{"line":19,"column":24},"end":{"line":19,"column":57}},"loc":{"start":{"line":19,"column":24},"end":{"line":19,"column":57}},"line":19},"1":{"name":"selectIsAuthenticated","decl":{"start":{"line":20,"column":37},"end":{"line":21,"column":41}},"loc":{"start":{"line":20,"column":37},"end":{"line":21,"column":41}},"line":20},"2":{"name":"selectReturnTo","decl":{"start":{"line":22,"column":30},"end":{"line":23,"column":34}},"loc":{"start":{"line":22,"column":30},"end":{"line":23,"column":34}},"line":22},"3":{"name":"selectLoggedInMember","decl":{"start":{"line":24,"column":36},"end":{"line":25,"column":40}},"loc":{"start":{"line":24,"column":36},"end":{"line":25,"column":40}},"line":24},"4":{"name":"login","decl":{"start":{"line":31,"column":11},"end":{"line":35,"column":6}},"loc":{"start":{"line":31,"column":11},"end":{"line":35,"column":6}},"line":31},"5":{"name":"logout","decl":{"start":{"line":36,"column":4},"end":{"line":40,"column":6}},"loc":{"start":{"line":36,"column":4},"end":{"line":40,"column":6}},"line":36},"6":{"name":"setReturnTo","decl":{"start":{"line":41,"column":17},"end":{"line":43,"column":6}},"loc":{"start":{"line":41,"column":17},"end":{"line":43,"column":6}},"line":41},"7":{"name":"clearReturnTo","decl":{"start":{"line":44,"column":19},"end":{"line":46,"column":6}},"loc":{"start":{"line":44,"column":19},"end":{"line":46,"column":6}},"line":44}},"f":{"0":28,"1":14,"2":14,"3":0,"4":1,"5":0,"6":0,"7":1}}
,"/Users/tj/Projects/projects/omnihealth-dashboard/src/redux/slices/usersSlice.ts": {"path":"/Users/tj/Projects/projects/omnihealth-dashboard/src/redux/slices/usersSlice.ts","all":true,"statementMap":{"0":{"start":{"line":1,"column":0},"end":{"line":1,"column":47}},"10":{"start":{"line":11,"column":0},"end":{"line":11,"column":34}},"11":{"start":{"line":12,"column":0},"end":{"line":12,"column":12}},"12":{"start":{"line":13,"column":0},"end":{"line":13,"column":21}},"13":{"start":{"line":14,"column":0},"end":{"line":14,"column":2}},"15":{"start":{"line":16,"column":0},"end":{"line":16,"column":59}},"16":{"start":{"line":17,"column":0},"end":{"line":17,"column":55}},"17":{"start":{"line":18,"column":0},"end":{"line":18,"column":39}},"19":{"start":{"line":20,"column":0},"end":{"line":20,"column":32}},"20":{"start":{"line":21,"column":0},"end":{"line":21,"column":16}},"21":{"start":{"line":22,"column":0},"end":{"line":22,"column":15}},"22":{"start":{"line":23,"column":0},"end":{"line":23,"column":13}},"23":{"start":{"line":24,"column":0},"end":{"line":24,"column":65}},"24":{"start":{"line":25,"column":0},"end":{"line":25,"column":42}},"25":{"start":{"line":26,"column":0},"end":{"line":26,"column":6}},"26":{"start":{"line":27,"column":0},"end":{"line":27,"column":4}},"27":{"start":{"line":28,"column":0},"end":{"line":28,"column":3}},"29":{"start":{"line":30,"column":0},"end":{"line":30,"column":57}},"30":{"start":{"line":31,"column":0},"end":{"line":31,"column":34}}},"s":{"0":0,"10":0,"11":0,"12":0,"13":0,"15":0,"16":0,"17":0,"19":0,"20":0,"21":0,"22":0,"23":0,"24":0,"25":0,"26":0,"27":0,"29":0,"30":0},"branchMap":{"0":{"type":"branch","line":1,"loc":{"start":{"line":1,"column":789},"end":{"line":31,"column":34}},"locations":[{"start":{"line":1,"column":789},"end":{"line":31,"column":34}}]}},"b":{"0":[0]},"fnMap":{"0":{"name":"(empty-report)","decl":{"start":{"line":1,"column":789},"end":{"line":31,"column":34}},"loc":{"start":{"line":1,"column":789},"end":{"line":31,"column":34}},"line":1}},"f":{"0":0}}
}
